* ******************************************************************************

* iCEcube Placer

* Version:            2017.08.27940

* Build Date:         Sep 12 2017 08:14:10

* File Generated:     Mar 24 2020 18:54:10

* Purpose:            

* Copyright (C) 2006-2010 by Lattice Semiconductor Corp. All rights reserved.

* ******************************************************************************

Executing : /media/external/iCEcube2/sbt_backend/bin/linux/opt/sbtplacer --des-lib /home/letrend/workspace/iceboard/software/adc_lvds/template_Implmnt/sbt/netlist/oadb-TinyFPGA_B --outdir /home/letrend/workspace/iceboard/software/adc_lvds/template_Implmnt/sbt/outputs/placer --device-file /media/external/iCEcube2/sbt_backend/devices/ICE40P08.dev --package CM81 --deviceMarketName iCE40LP8K --sdc-file /home/letrend/workspace/iceboard/software/adc_lvds/template_Implmnt/sbt/Temp/sbt_temp.sdc --lib-file /media/external/iCEcube2/sbt_backend/devices/ice40LP8K.lib --effort_level std --out-sdc-file /home/letrend/workspace/iceboard/software/adc_lvds/template_Implmnt/sbt/outputs/placer/TinyFPGA_B_pl.sdc
I2004: Option and Settings Summary
=============================================================
Device file          - /media/external/iCEcube2/sbt_backend/devices/ICE40P08.dev
Package              - CM81
Design database      - /home/letrend/workspace/iceboard/software/adc_lvds/template_Implmnt/sbt/netlist/oadb-TinyFPGA_B
SDC file             - /home/letrend/workspace/iceboard/software/adc_lvds/template_Implmnt/sbt/Temp/sbt_temp.sdc
Output directory     - /home/letrend/workspace/iceboard/software/adc_lvds/template_Implmnt/sbt/outputs/placer
Timing library       - /media/external/iCEcube2/sbt_backend/devices/ice40LP8K.lib
Effort level         - std

I2050: Starting reading inputs for placer
=============================================================
I2100: Reading design library: /home/letrend/workspace/iceboard/software/adc_lvds/template_Implmnt/sbt/netlist/oadb-TinyFPGA_B/BFPGA_DESIGN_ep
I2065: Reading device file : /media/external/iCEcube2/sbt_backend/devices/ICE40P08.dev
I2051: Reading of inputs for placer completed successfully

I2053: Starting placement of the design
=============================================================
W2715: Warning for set_io Constraint: Ignoring pin assignment for PIN_1, as it is not connected to any PAD
W2715: Warning for set_io Constraint: Ignoring pin assignment for PIN_10, as it is not connected to any PAD
W2715: Warning for set_io Constraint: Ignoring pin assignment for PIN_11, as it is not connected to any PAD
W2715: Warning for set_io Constraint: Ignoring pin assignment for PIN_12, as it is not connected to any PAD
W2715: Warning for set_io Constraint: Ignoring pin assignment for PIN_14, as it is not connected to any PAD
W2715: Warning for set_io Constraint: Ignoring pin assignment for PIN_15, as it is not connected to any PAD
W2715: Warning for set_io Constraint: Ignoring pin assignment for PIN_16, as it is not connected to any PAD
W2715: Warning for set_io Constraint: Ignoring pin assignment for PIN_17, as it is not connected to any PAD
W2715: Warning for set_io Constraint: Ignoring pin assignment for PIN_19, as it is not connected to any PAD
W2715: Warning for set_io Constraint: Ignoring pin assignment for PIN_20, as it is not connected to any PAD
W2715: Warning for set_io Constraint: Ignoring pin assignment for PIN_21, as it is not connected to any PAD
W2715: Warning for set_io Constraint: Ignoring pin assignment for PIN_22, as it is not connected to any PAD
W2715: Warning for set_io Constraint: Ignoring pin assignment for PIN_23, as it is not connected to any PAD
W2715: Warning for set_io Constraint: Ignoring pin assignment for PIN_24, as it is not connected to any PAD
W2715: Warning for set_io Constraint: Ignoring pin assignment for PIN_3, as it is not connected to any PAD
W2715: Warning for set_io Constraint: Ignoring pin assignment for PIN_4, as it is not connected to any PAD
W2715: Warning for set_io Constraint: Ignoring pin assignment for PIN_5, as it is not connected to any PAD
W2715: Warning for set_io Constraint: Ignoring pin assignment for PIN_6, as it is not connected to any PAD
W2715: Warning for set_io Constraint: Ignoring pin assignment for PIN_7, as it is not connected to any PAD
W2715: Warning for set_io Constraint: Ignoring pin assignment for PIN_8, as it is not connected to any PAD
W2715: Warning for set_io Constraint: Ignoring pin assignment for PIN_9, as it is not connected to any PAD
W2715: Warning for set_io Constraint: Ignoring pin assignment for SPI_IO2, as it is not connected to any PAD
W2715: Warning for set_io Constraint: Ignoring pin assignment for USBPU, as it is not connected to any PAD

Input Design Statistics
    Number of LUTs      	:	198
    Number of DFFs      	:	156
    Number of DFFs packed to IO	:	0
    Number of Carrys    	:	125
    Number of RAMs      	:	0
    Number of ROMs      	:	0
    Number of IOs       	:	4
    Number of GBIOs     	:	1
    Number of GBs       	:	0
    Number of WarmBoot  	:	0
    Number of PLLs      	:	0


Phase 1
I2077: Start design legalization
W2216: SB_GB_IO 'CLK_pad' is assigned to a non-GB pin 'B2'. Replacing it with SB_IO 'CLK_pad' and SB_GB 'CLK_pad_gb'

Design Legalization Statistics
    Number of feedthru LUTs inserted to legalize input of DFFs     	:	0
    Number of feedthru LUTs inserted for LUTs driving multiple DFFs	:	0
    Number of LUTs replicated for LUTs driving multiple DFFs       	:	2
    Number of feedthru LUTs inserted to legalize output of CARRYs  	:	0
    Number of feedthru LUTs inserted to legalize global signals    	:	0
    Number of feedthru CARRYs inserted to legalize input of CARRYs 	:	0
    Number of inserted LUTs to Legalize IOs with PIN_TYPE= 01xxxx  	:	0
    Number of inserted LUTs to Legalize IOs with PIN_TYPE= 10xxxx  	:	0
    Number of inserted LUTs to Legalize IOs with PIN_TYPE= 11xxxx  	:	0
    Total LUTs inserted                                            	:	2
    Total CARRYs inserted                                          	:	0


I2078: Design legalization is completed successfully
I2088: Phase 1, elapsed time : 0.0 (sec)


Phase 2
I2088: Phase 2, elapsed time : 0.0 (sec)

Phase 3
Warning-1034: Found non-unate timing arc, from pin "PACKAGEPIN" to pin "DIN0" of instance "CLK_pad", in the clock network. Converting the timing arc to positive-unate

Design Statistics after Packing
    Number of LUTs      	:	200
    Number of DFFs      	:	154
    Number of DFFs packed to IO	:	2
    Number of Carrys    	:	125

Device Utilization Summary after Packing
    Sequential LogicCells
        LUT and DFF      	:	29
        LUT, DFF and CARRY	:	125
    Combinational LogicCells
        Only LUT         	:	46
        CARRY Only       	:	0
        LUT with CARRY   	:	0
    LogicCells                  :	200/7680
    PLBs                        :	29/960
    BRAMs                       :	0/32
    IOs and GBIOs               :	5/63
    PLLs                        :	0/1


I2088: Phase 3, elapsed time : 0.2 (sec)

Phase 4
I2088: Phase 4, elapsed time : 0.1 (sec)

Phase 5
I2088: Phase 5, elapsed time : 0.1 (sec)

Phase 6
I2088: Phase 6, elapsed time : 16.6 (sec)

Final Design Statistics
    Number of LUTs      	:	200
    Number of DFFs      	:	154
    Number of DFFs packed to IO	:	2
    Number of Carrys    	:	125
    Number of RAMs      	:	0
    Number of ROMs      	:	0
    Number of IOs       	:	5
    Number of GBIOs     	:	0
    Number of GBs       	:	1
    Number of WarmBoot  	:	0
    Number of PLLs      	:	0

Device Utilization Summary
    LogicCells                  :	200/7680
    PLBs                        :	33/960
    BRAMs                       :	0/32
    IOs and GBIOs               :	5/63
    PLLs                        :	0/1



#####################################################################
Placement Timing Summary

The timing summary is based on estimated routing delays after
placement. For final timing report, please carry out the timing
analysis after routing.
=====================================================================

#####################################################################
                     Clock Summary 
=====================================================================
Number of clocks: 2
Clock: CLK | Frequency: 109.47 MHz | Target: 16.00 MHz
Clock: TinyFPGA_B|clk_slow | Frequency: 119.34 MHz | Target: 16.00 MHz

=====================================================================
                     End of Clock Summary
#####################################################################

I2054: Placement of design completed successfully

I2076: Placer run-time: 17.4 sec.

