20:39
/home/letrend/lscc/iCEcube2.2017.08/LSE/bin/lin64/synthesis -f "template_lse.prj"
starting Synthesisrunning SynthesisCopyright (c) 1991-1994 by NeoCAD Inc. All rights reserved.
Copyright (c) 1995 AT&T Corp.   All rights reserved.
Copyright (c) 1995-2001 Lucent Technologies Inc.  All rights reserved.
Copyright (c) 2001 Agere Systems   All rights reserved.
Copyright (c) 2002-2015 Lattice Semiconductor Corporation,  All rights reserved.
Thu Jan  9 20:39:23 2020


Command Line:  /home/letrend/lscc/iCEcube2.2017.08/LSE/bin/lin64/synthesis -f template_lse.prj 

INFO - synthesis: Lattice Synthesis Engine Launched.
Synthesis options:
The -a option is SBTiCE40.
The -t option is CM81.
The -d option is iCE40LP8K.
                                                          

##########################################################

### Lattice Family : SBTiCE40

### Device  : iCE40LP8K

### Package : CM81

### Number of Logic Cells: 7680

### Number of RAM4k Blocks: 32

### Number of DSP Blocks: 0

### Number of PLLs: 2

### Number of IO Pins: 178

##########################################################

                                                          

Optimization goal = Area
Top-level module name = TinyFPGA_B.
Target frequency = 16.000000 MHz.
Maximum fanout = 10000.
Timing path count = 3
RWCheckOnRam = 0

BRAM utilization = 100.000000 %
DSP usage = true (default)
DSP utilization = 100 % (default)
fsm_encoding_style = auto
resolve_mixed_drivers = 0
fix_gated_clocks = 1

Mux style = auto (Default)
Use Carry Chain = true
carry_chain_length = 0
Loop Limit = 1950.
Use IO Insertion = TRUE
Use IO Reg = AUTO

Resource Sharing = TRUE
Propagate Constants = TRUE
Remove Duplicate Registers = TRUE
Output EDIF file name = template_Implmnt/template.edf.
WARNING - synthesis: Option -force_gsr will be set to false when option -output_edif/-ngo are set
ROM style = auto
RAM style = auto
The -comp option is FALSE.
The -syn option is FALSE.
-p /home/letrend/workspace/iceboard/software/motorBoard_v0.1 (searchpath added)
Mixed language design
Verilog design file = verilog/TinyFPGA_B.v
Verilog design file = verilog/uart_rx.v
Verilog design file = verilog/uart_tx.v
Verilog design file = verilog/coms.v
Verilog design file = verilog/motorControl.v
Verilog design file = quad.v
Verilog design file = verilog/pll32MHz.v
Verilog design file = verilog/neopixel.v
VHDL library = work
VHDL design file = vhdl/spi_master_slave/trunk/rtl/spi_master_slave/spi_master.vhd
VHDL library = work
VHDL design file = vhdl/spi_master_slave/trunk/rtl/spi_master_slave/grp_debouncer.vhd
VHDL library = work
VHDL design file = vhdl/pwm.vhd
-sdc option: SDC file input is constraints/clk.sdc.
-vh2008

Technology check ok...

Analyzing Verilog file /home/letrend/lscc/iCEcube2.2017.08/LSE/userware/unix/SYNTHESIS_HEADERS/machxo2.v. VERI-1482
Analyzing Verilog file /home/letrend/lscc/iCEcube2.2017.08/LSE/userware/unix/SYNTHESIS_HEADERS/sb_ice40.v. VERI-1482
Compile design.
Compile Design Begin
WARNING - synthesis: /home/letrend/lscc/iCEcube2.2017.08/LSE/userware/unix/SYNTHESIS_HEADERS/sb_ice40.v(79): assignment to input EVERI-1214
WARNING - synthesis: /home/letrend/lscc/iCEcube2.2017.08/LSE/userware/unix/SYNTHESIS_HEADERS/sb_ice40.v(88): assignment to input EVERI-1214
WARNING - synthesis: /home/letrend/lscc/iCEcube2.2017.08/LSE/userware/unix/SYNTHESIS_HEADERS/sb_ice40.v(98): assignment to input EVERI-1214
WARNING - synthesis: /home/letrend/lscc/iCEcube2.2017.08/LSE/userware/unix/SYNTHESIS_HEADERS/sb_ice40.v(108): assignment to input EVERI-1214
WARNING - synthesis: /home/letrend/lscc/iCEcube2.2017.08/LSE/userware/unix/SYNTHESIS_HEADERS/sb_ice40.v(118): assignment to input EVERI-1214
WARNING - synthesis: /home/letrend/lscc/iCEcube2.2017.08/LSE/userware/unix/SYNTHESIS_HEADERS/sb_ice40.v(170): assignment to input EVERI-1214
WARNING - synthesis: /home/letrend/lscc/iCEcube2.2017.08/LSE/userware/unix/SYNTHESIS_HEADERS/sb_ice40.v(179): assignment to input EVERI-1214
WARNING - synthesis: /home/letrend/lscc/iCEcube2.2017.08/LSE/userware/unix/SYNTHESIS_HEADERS/sb_ice40.v(189): assignment to input EVERI-1214
WARNING - synthesis: /home/letrend/lscc/iCEcube2.2017.08/LSE/userware/unix/SYNTHESIS_HEADERS/sb_ice40.v(199): assignment to input EVERI-1214
WARNING - synthesis: /home/letrend/lscc/iCEcube2.2017.08/LSE/userware/unix/SYNTHESIS_HEADERS/sb_ice40.v(209): assignment to input EVERI-1214
WARNING - synthesis: /home/letrend/lscc/iCEcube2.2017.08/LSE/userware/unix/SYNTHESIS_HEADERS/sb_ice40.v(3725): empty port in module declaration. VERI-1294
Analyzing Verilog file verilog/TinyFPGA_B.v. VERI-1482
Analyzing Verilog file verilog/uart_rx.v. VERI-1482
Analyzing Verilog file verilog/uart_tx.v. VERI-1482
Analyzing Verilog file verilog/coms.v. VERI-1482
Analyzing Verilog file verilog/motorControl.v. VERI-1482
Analyzing Verilog file quad.v. VERI-1482
Analyzing Verilog file verilog/pll32MHz.v. VERI-1482
Analyzing Verilog file verilog/neopixel.v. VERI-1482
WARNING - synthesis: verilog/neopixel.v(16): keyword 'unsigned' is not allowed here in this mode of verilog. VERI-1411
WARNING - synthesis: verilog/neopixel.v(17): keyword 'unsigned' is not allowed here in this mode of verilog. VERI-1411
Analyzing VHDL file vhdl/spi_master_slave/trunk/rtl/spi_master_slave/spi_master.vhd. VHDL-1481
INFO - synthesis: vhdl/spi_master_slave/trunk/rtl/spi_master_slave/spi_master.vhd(173): analyzing entity spi_master. VHDL-1012
INFO - synthesis: vhdl/spi_master_slave/trunk/rtl/spi_master_slave/spi_master.vhd(215): analyzing architecture rtl. VHDL-1010
Analyzing VHDL file vhdl/spi_master_slave/trunk/rtl/spi_master_slave/grp_debouncer.vhd. VHDL-1481
INFO - synthesis: vhdl/spi_master_slave/trunk/rtl/spi_master_slave/grp_debouncer.vhd(128): analyzing entity grp_debouncer. VHDL-1012
INFO - synthesis: vhdl/spi_master_slave/trunk/rtl/spi_master_slave/grp_debouncer.vhd(140): analyzing architecture rtl. VHDL-1010
Analyzing VHDL file vhdl/pwm.vhd. VHDL-1481
INFO - synthesis: vhdl/pwm.vhd(30): analyzing entity pwm. VHDL-1012
INFO - synthesis: vhdl/pwm.vhd(46): analyzing architecture logic. VHDL-1010
INFO - synthesis: The default VHDL library search path is now "/home/letrend/workspace/iceboard/software/motorBoard_v0.1". VHDL-1504
Top module language type = Verilog.
Top module name (Verilog, mixed language): TinyFPGA_B
INFO - synthesis: verilog/TinyFPGA_B.v(2): compiling module TinyFPGA_B. VERI-1018
INFO - synthesis: verilog/pll32MHz.v(1): compiling module pll32MHz. VERI-1018
INFO - synthesis: /home/letrend/lscc/iCEcube2.2017.08/LSE/userware/unix/SYNTHESIS_HEADERS/sb_ice40.v(699): compiling module SB_PLL40_CORE(FEEDBACK_PATH="PHASE_AND_DELAY",FDA_FEEDBACK=4'b0,FDA_RELATIVE=4'b0,PLLOUT_SELECT="SHIFTREG_0deg",DIVF=7'b01,DIVQ=3'b011,FILTER_RANGE=3'b01). VERI-1018
WARNING - synthesis: verilog/pll32MHz.v(22): input port EXTFEEDBACK is not connected on this instance. VDB-1013
WARNING - synthesis: verilog/TinyFPGA_B.v(72): expression size 32 truncated to fit in target size 8. VERI-1209
INFO - synthesis: verilog/neopixel.v(1): compiling module neopixel. VERI-1018
WARNING - synthesis: verilog/neopixel.v(39): expression size 32 truncated to fit in target size 4. VERI-1209
INFO - synthesis: /home/letrend/lscc/iCEcube2.2017.08/LSE/userware/unix/SYNTHESIS_HEADERS/sb_ice40.v(502): compiling module SB_IO(PIN_TYPE=6'b01,PULLUP=1'b1). VERI-1018
INFO - synthesis: verilog/TinyFPGA_B.v(137): going to vhdl side to elaborate module pwm. VERI-1231
vhdl/pwm.vhd(30): executing pwm(32000000,20000,32000000,23,1)(logic)

INFO - synthesis: verilog/TinyFPGA_B.v(137): back to verilog to continue elaboration. VERI-1232
WARNING - synthesis: verilog/TinyFPGA_B.v(146): expression size 24 truncated to fit in target size 23. VERI-1209
WARNING - synthesis: verilog/TinyFPGA_B.v(149): expression size 24 truncated to fit in target size 23. VERI-1209
INFO - synthesis: /home/letrend/lscc/iCEcube2.2017.08/LSE/userware/unix/SYNTHESIS_HEADERS/sb_ice40.v(502): compiling module SB_IO(PIN_TYPE=6'b101001,PULLUP=1'b1). VERI-1018
INFO - synthesis: verilog/coms.v(1): compiling module coms. VERI-1018
INFO - synthesis: verilog/uart_rx.v(14): compiling module uart_rx. VERI-1018
WARNING - synthesis: verilog/uart_rx.v(80): expression size 32 truncated to fit in target size 8. VERI-1209
WARNING - synthesis: verilog/uart_rx.v(91): expression size 32 truncated to fit in target size 8. VERI-1209
WARNING - synthesis: verilog/uart_rx.v(102): expression size 32 truncated to fit in target size 3. VERI-1209
WARNING - synthesis: verilog/uart_rx.v(120): expression size 32 truncated to fit in target size 8. VERI-1209
INFO - synthesis: verilog/uart_tx.v(14): compiling module uart_tx. VERI-1018
WARNING - synthesis: verilog/uart_tx.v(70): expression size 32 truncated to fit in target size 9. VERI-1209
WARNING - synthesis: verilog/uart_tx.v(88): expression size 32 truncated to fit in target size 9. VERI-1209
WARNING - synthesis: verilog/uart_tx.v(98): expression size 32 truncated to fit in target size 3. VERI-1209
WARNING - synthesis: verilog/uart_tx.v(118): expression size 32 truncated to fit in target size 9. VERI-1209
WARNING - synthesis: verilog/coms.v(125): expression size 26 truncated to fit in target size 24. VERI-1209
WARNING - synthesis: verilog/coms.v(210): expression size 32 truncated to fit in target size 8. VERI-1209
WARNING - synthesis: verilog/TinyFPGA_B.v(214): expression size 32 truncated to fit in target size 24. VERI-1209
INFO - synthesis: verilog/motorControl.v(1): compiling module motorControl. VERI-1018
INFO - synthesis: quad.v(3): compiling module quad(DEBOUNCE_TICKS=100). VERI-1018
INFO - synthesis: quad.v(19): going to vhdl side to elaborate module grp_debouncer. VERI-1231
vhdl/spi_master_slave/trunk/rtl/spi_master_slave/grp_debouncer.vhd(128): executing grp_debouncer(2,5)(rtl)

INFO - synthesis: quad.v(19): back to verilog to continue elaboration. VERI-1232
WARNING - synthesis: quad.v(39): expression size 32 truncated to fit in target size 24. VERI-1209
WARNING - synthesis: quad.v(39): expression size 32 truncated to fit in target size 24. VERI-1209
WARNING - synthesis: verilog/TinyFPGA_B.v(152): Register enable_58 is stuck at One. VDB-5014
WARNING - synthesis: verilog/TinyFPGA_B.v(92): input port LATCH_INPUT_VALUE is not connected on this instance. VDB-1013
WARNING - synthesis: verilog/TinyFPGA_B.v(100): input port LATCH_INPUT_VALUE is not connected on this instance. VDB-1013
WARNING - synthesis: verilog/TinyFPGA_B.v(108): input port LATCH_INPUT_VALUE is not connected on this instance. VDB-1013
WARNING - synthesis: verilog/TinyFPGA_B.v(163): input port LATCH_INPUT_VALUE is not connected on this instance. VDB-1013
Loading NGL library '/home/letrend/lscc/iCEcube2.2017.08/LSE/xo2c00/data/xo2clib.ngl'...
Loading NGL library '/home/letrend/lscc/iCEcube2.2017.08/LSE/or5g00/data/orc5glib.ngl'...
Top-level module name = TinyFPGA_B.
WARNING - synthesis: Initial value found on net dat_strb will be ignored due to unrecognized driver type
WARNING - synthesis: Initial value found on net strb_next will be ignored due to unrecognized driver type
WARNING - synthesis: Initial value found on net dat_diff will be ignored due to unrecognized driver type
WARNING - synthesis: Initial value found on net cnt_next[2] will be ignored due to unrecognized driver type
WARNING - synthesis: Initial value found on net cnt_next[1] will be ignored due to unrecognized driver type
WARNING - synthesis: Initial value found on net cnt_next[0] will be ignored due to unrecognized driver type
WARNING - synthesis: verilog/TinyFPGA_B.v(92): input port LATCH_INPUT_VALUE is not connected on this instance. VDB-1013
WARNING - synthesis: verilog/TinyFPGA_B.v(100): input port LATCH_INPUT_VALUE is not connected on this instance. VDB-1013
WARNING - synthesis: verilog/TinyFPGA_B.v(108): input port LATCH_INPUT_VALUE is not connected on this instance. VDB-1013
WARNING - synthesis: verilog/TinyFPGA_B.v(163): input port LATCH_INPUT_VALUE is not connected on this instance. VDB-1013
WARNING - synthesis: verilog/pll32MHz.v(22): input port EXTFEEDBACK is not connected on this instance. VDB-1013
######## Converting I/O port PIN_1 to input.
######## Converting I/O port PIN_2 to input.
######## Converting I/O port PIN_6 to input.
######## Converting I/O port PIN_7 to input.
######## Converting I/O port PIN_8 to output.
######## Converting I/O port PIN_9 to input.
######## Converting I/O port PIN_10 to input.
######## Converting I/O port PIN_11 to output.
######## Converting I/O port PIN_13 to input.
######## Converting I/O port PIN_14 to input.
######## Converting I/O port PIN_15 to input.
######## Converting I/O port PIN_16 to input.
######## Converting I/O port PIN_17 to input.
######## Converting I/O port PIN_18 to input.
######## Converting I/O port PIN_19 to output.
######## Converting I/O port PIN_20 to output.
######## Converting I/O port PIN_21 to output.
######## Converting I/O port PIN_22 to output.
######## Converting I/O port PIN_23 to output.
######## Converting I/O port PIN_24 to output.



WARNING - synthesis: Bit 0 of Register \PWM/half_duty_new is stuck at Zero
WARNING - synthesis: Bit 1 of Register \PWM/half_duty_new is stuck at Zero
WARNING - synthesis: Bit 0 of Register \PWM/half_duty[0] is stuck at Zero
WARNING - synthesis: Bit 1 of Register \PWM/half_duty[0] is stuck at Zero
WARNING - synthesis: Skipping pad insertion on PIN_3 due to black_box_pad_pin attribute.
WARNING - synthesis: Skipping pad insertion on PIN_4 due to black_box_pad_pin attribute.
WARNING - synthesis: Skipping pad insertion on PIN_5 due to black_box_pad_pin attribute.
WARNING - synthesis: Skipping pad insertion on PIN_12 due to black_box_pad_pin attribute.
WARNING - synthesis: verilog/TinyFPGA_B.v(74): Register color__i0 is stuck at Zero. VDB-5013
WARNING - synthesis: verilog/coms.v(295): Register \setpoint_23__I_0/Kp_i16 is stuck at Zero. VDB-5013
WARNING - synthesis: verilog/coms.v(295): Register \setpoint_23__I_0/data_out_frame[0]__i3 is stuck at One. VDB-5014
WARNING - synthesis: verilog/neopixel.v(117): Register \nx/state_i2 is stuck at Zero. VDB-5013
Writing scf file : template_Implmnt/template.scf

Writing scf file : template_Implmnt/template.scf

Writing scf file : template_Implmnt/template.scf

Writing scf file : template_Implmnt/template.scf

Writing scf file : template_Implmnt/template.scf

Results of NGD DRC are available in TinyFPGA_B_drc.log.

################### Begin Area Report (TinyFPGA_B)######################
Number of register bits => 998 of 7680 (12 % )
SB_CARRY => 2073
SB_DFF => 858
SB_DFFE => 55
SB_DFFESR => 14
SB_DFFESS => 1
SB_DFFSR => 8
SB_DFFSS => 62
SB_GB_IO => 1
SB_IO => 19
SB_LUT4 => 6719
SB_PLL40_CORE => 1
################### End Area Report ##################

################### Begin Clock Report ######################
Clock Nets
Number of Clocks: 3
  Net : pll32MHz_inst/clk32MHz, loads : 941
  Net : setpoint_23__I_0/LED_c, loads : 38
  Net : CLK_c, loads : 30
Clock Enable Nets
Number of Clock Enables: 0
Top 0 highest fanout Clock Enables:
Highest fanout non-clock nets
Top 10 highest fanout non-clock nets:
  Net : setpoint_23__I_0/n13302, loads : 127
  Net : n96, loads : 92
  Net : n98, loads : 83
  Net : n97, loads : 81
  Net : setpoint_23__I_0/n4593, loads : 79
  Net : n95, loads : 76
  Net : n94, loads : 74
  Net : n558, loads : 73
  Net : n92, loads : 73
  Net : n93, loads : 72
################### End Clock Report ##################

Timing Report Summary
--------------
--------------------------------------------------------------------------------
Constraint                              |   Constraint|       Actual|Levels
--------------------------------------------------------------------------------
                                        |             |             |
create_clock -period 62.500000 -name    |             |             |
clk501 [get_nets LED_c]                 |   16.000 MHz|    2.185 MHz|   289 *
                                        |             |             |
create_clock -period 62.500000 -name    |             |             |
clk500 [get_nets clk32MHz]              |            -|            -|     0  
                                        |             |             |
 create_clock -period 62.500 -name      |             |             |
TinyFPGA_B|LED_c [ get_nets LED_c ]     |            -|            -|     0  
                                        |             |             |
create_clock -period 62.500000          |             |             |
-waveform { 0.000000 31.250000 } -name  |             |             |
CLK [ get_ports { CLK } ]               |   16.000 MHz|   38.363 MHz|    17  
                                        |             |             |
--------------------------------------------------------------------------------


1 constraints not met.


Peak Memory Usage: 360.402  MB

--------------------------------------------------------------
Elapsed CPU time for LSE flow : 48.912  secs
--------------------------------------------------------------
Current Implementation template_Implmnt its sbt path: /home/letrend/workspace/iceboard/software/motorBoard_v0.1/template_Implmnt/sbt
Synthesis succeed.
Synthesis succeeded.
Synthesis runtime 49 seconds


"/home/letrend/lscc/iCEcube2.2017.08/sbt_backend/bin/linux/opt/edifparser" "/home/letrend/lscc/iCEcube2.2017.08/sbt_backend/devices/ICE40P08.dev" "/home/letrend/workspace/iceboard/software/motorBoard_v0.1/template_Implmnt/template.edf " "/home/letrend/workspace/iceboard/software/motorBoard_v0.1/template_Implmnt/sbt/netlist" "-pCM81" "-y/home/letrend/workspace/iceboard/software/motorBoard_v0.1/constraints/pins.pcf " "-s/home/letrend/workspace/iceboard/software/motorBoard_v0.1/constraints/clk.sdc " -c --devicename iCE40LP8K
starting edif parserrunning edif parserLattice Semiconductor Corporation  Edif Parser
Release:        2017.08.27940
Build Date:     Sep 12 2017 08:01:35

Parsing edif file: /home/letrend/workspace/iceboard/software/motorBoard_v0.1/template_Implmnt/template.edf...
Parsing constraint file: /home/letrend/workspace/iceboard/software/motorBoard_v0.1/constraints/pins.pcf...
start to read sdc/scf file /home/letrend/workspace/iceboard/software/motorBoard_v0.1/template_Implmnt/template.scf
sdc_reader OK /home/letrend/workspace/iceboard/software/motorBoard_v0.1/template_Implmnt/template.scf
start to read sdc/scf file /home/letrend/workspace/iceboard/software/motorBoard_v0.1/constraints/clk.sdc
Warning: Found double defined(create_clock) at CLK. Using latest one and ignore previous one
	Ignored create_clock  -period 62.50  -waveform {0.00 31.25}  -name {CLK} [get_ports {CLK}]
Warning: Property lattice_noprune(1) in the instance hall1_input(ICE_IO) is not valid, it is ignored.
Warning: Property lattice_noprune(1) in the instance hall2_input(ICE_IO) is not valid, it is ignored.
Warning: Property lattice_noprune(1) in the instance hall3_input(ICE_IO) is not valid, it is ignored.
Warning: Invalid SB_PLL40_CORE parameter name: "lattice_noprune" SB_PLL40_CORE parameter "lattice_noprune" is ignored(SB_PLL40_CORE pll32MHz_inst.pll32MHz_inst)
Warning: Property lattice_noprune(1) in the instance tx_output(ICE_IO) is not valid, it is ignored.
Stored edif netlist at /home/letrend/workspace/iceboard/software/motorBoard_v0.1/template_Implmnt/sbt/netlist/oadb-TinyFPGA_B...
Warning: The terminal connectivity tx_output:LATCHINPUTVALUE is removed because the PIN_TYPE is configured as 101001
Warning: The terminal connectivity tx_output:INPUTCLK is removed because the PIN_TYPE is configured as 101001
Warning: The terminal connectivity tx_output:OUTPUTCLK is removed because the PIN_TYPE is configured as 101001
Warning: The terminal connectivity hall3_input:LATCHINPUTVALUE is removed because the PIN_TYPE is configured as 000001
Warning: The terminal connectivity hall3_input:INPUTCLK is removed because the PIN_TYPE is configured as 000001
Warning: The terminal connectivity hall3_input:OUTPUTENABLE is removed because the PIN_TYPE is configured as 000001
Warning: The terminal connectivity hall3_input:OUTPUTCLK is removed because the PIN_TYPE is configured as 000001
Warning: The terminal connectivity hall2_input:LATCHINPUTVALUE is removed because the PIN_TYPE is configured as 000001
Warning: The terminal connectivity hall2_input:INPUTCLK is removed because the PIN_TYPE is configured as 000001
Warning: The terminal connectivity hall2_input:OUTPUTENABLE is removed because the PIN_TYPE is configured as 000001
Warning: The terminal connectivity hall2_input:OUTPUTCLK is removed because the PIN_TYPE is configured as 000001
Warning: The terminal connectivity hall1_input:LATCHINPUTVALUE is removed because the PIN_TYPE is configured as 000001
Warning: The terminal connectivity hall1_input:INPUTCLK is removed because the PIN_TYPE is configured as 000001
Warning: The terminal connectivity hall1_input:OUTPUTENABLE is removed because the PIN_TYPE is configured as 000001
Warning: The terminal connectivity hall1_input:OUTPUTCLK is removed because the PIN_TYPE is configured as 000001
Warning: The terminal connectivity USBPU_pad:OUTPUTENABLE is removed because the PIN_TYPE is configured as 011001
Warning: The terminal connectivity PIN_8_pad:OUTPUTENABLE is removed because the PIN_TYPE is configured as 011001
Warning: The terminal connectivity PIN_7_pad:OUTPUTENABLE is removed because the PIN_TYPE is configured as 000001
Warning: The terminal connectivity PIN_6_pad:OUTPUTENABLE is removed because the PIN_TYPE is configured as 000001
Warning: The terminal connectivity PIN_2_pad:OUTPUTENABLE is removed because the PIN_TYPE is configured as 000001
Warning: The terminal connectivity PIN_24_pad:OUTPUTENABLE is removed because the PIN_TYPE is configured as 011001
Warning: The terminal connectivity PIN_23_pad:OUTPUTENABLE is removed because the PIN_TYPE is configured as 011001
Warning: The terminal connectivity PIN_22_pad:OUTPUTENABLE is removed because the PIN_TYPE is configured as 011001
Warning: The terminal connectivity PIN_21_pad:OUTPUTENABLE is removed because the PIN_TYPE is configured as 011001
Warning: The terminal connectivity PIN_20_pad:OUTPUTENABLE is removed because the PIN_TYPE is configured as 011001
Warning: The terminal connectivity PIN_1_pad:OUTPUTENABLE is removed because the PIN_TYPE is configured as 000001
Warning: The terminal connectivity PIN_19_pad:OUTPUTENABLE is removed because the PIN_TYPE is configured as 011001
Warning: The terminal connectivity PIN_13_pad:OUTPUTENABLE is removed because the PIN_TYPE is configured as 000001
Warning: The terminal connectivity PIN_11_pad:OUTPUTENABLE is removed because the PIN_TYPE is configured as 011001
Warning: The terminal connectivity LED_pad:OUTPUTENABLE is removed because the PIN_TYPE is configured as 011001
Warning: The terminal connectivity CLK_pad:OUTPUTENABLE is removed because the PIN_TYPE is configured as 000001
Warning: The terminal nx.bit_ctr_i0_i11:E is driven by default driver : VCC, Disconnecting it.
Warning: The terminal nx.state_i1:E is driven by default driver : VCC, Disconnecting it.
Warning: The terminal nx.bit_ctr_i0_i10:E is driven by default driver : VCC, Disconnecting it.
Warning: The terminal nx.bit_ctr_i0_i6:E is driven by default driver : VCC, Disconnecting it.
Warning: The terminal nx.bit_ctr_i0_i9:E is driven by default driver : VCC, Disconnecting it.

write Timing Constraint to /home/letrend/workspace/iceboard/software/motorBoard_v0.1/template_Implmnt/sbt/Temp/sbt_temp.sdc

EDIF Parser succeeded
Top module is: TinyFPGA_B

EDF Parser run-time: 4 (sec)
edif parser succeed.


"/home/letrend/lscc/iCEcube2.2017.08/sbt_backend/bin/linux/opt/sbtplacer" --des-lib "/home/letrend/workspace/iceboard/software/motorBoard_v0.1/template_Implmnt/sbt/netlist/oadb-TinyFPGA_B" --outdir "/home/letrend/workspace/iceboard/software/motorBoard_v0.1/template_Implmnt/sbt/outputs/placer" --device-file "/home/letrend/lscc/iCEcube2.2017.08/sbt_backend/devices/ICE40P08.dev" --package CM81 --deviceMarketName iCE40LP8K --sdc-file "/home/letrend/workspace/iceboard/software/motorBoard_v0.1/template_Implmnt/sbt/Temp/sbt_temp.sdc" --lib-file "/home/letrend/lscc/iCEcube2.2017.08/sbt_backend/devices/ice40LP8K.lib" --effort_level std --out-sdc-file "/home/letrend/workspace/iceboard/software/motorBoard_v0.1/template_Implmnt/sbt/outputs/placer/TinyFPGA_B_pl.sdc"
starting placerrunning placerExecuting : /home/letrend/lscc/iCEcube2.2017.08/sbt_backend/bin/linux/opt/sbtplacer --des-lib /home/letrend/workspace/iceboard/software/motorBoard_v0.1/template_Implmnt/sbt/netlist/oadb-TinyFPGA_B --outdir /home/letrend/workspace/iceboard/software/motorBoard_v0.1/template_Implmnt/sbt/outputs/placer --device-file /home/letrend/lscc/iCEcube2.2017.08/sbt_backend/devices/ICE40P08.dev --package CM81 --deviceMarketName iCE40LP8K --sdc-file /home/letrend/workspace/iceboard/software/motorBoard_v0.1/template_Implmnt/sbt/Temp/sbt_temp.sdc --lib-file /home/letrend/lscc/iCEcube2.2017.08/sbt_backend/devices/ice40LP8K.lib --effort_level std --out-sdc-file /home/letrend/workspace/iceboard/software/motorBoard_v0.1/template_Implmnt/sbt/outputs/placer/TinyFPGA_B_pl.sdc
Lattice Semiconductor Corporation  Placer
Release:        2017.08.27940
Build Date:     Sep 12 2017 08:22:02

W2715: Warning for set_io Constraint: Ignoring pin assignment for PIN_10, as it is not connected to any PAD
W2715: Warning for set_io Constraint: Ignoring pin assignment for PIN_14, as it is not connected to any PAD
W2715: Warning for set_io Constraint: Ignoring pin assignment for PIN_15, as it is not connected to any PAD
W2715: Warning for set_io Constraint: Ignoring pin assignment for PIN_16, as it is not connected to any PAD
W2715: Warning for set_io Constraint: Ignoring pin assignment for PIN_17, as it is not connected to any PAD
W2715: Warning for set_io Constraint: Ignoring pin assignment for PIN_18, as it is not connected to any PAD
W2715: Warning for set_io Constraint: Ignoring pin assignment for PIN_9, as it is not connected to any PAD
I2004: Option and Settings Summary
=============================================================
Device file          - /home/letrend/lscc/iCEcube2.2017.08/sbt_backend/devices/ICE40P08.dev
Package              - CM81
Design database      - /home/letrend/workspace/iceboard/software/motorBoard_v0.1/template_Implmnt/sbt/netlist/oadb-TinyFPGA_B
SDC file             - /home/letrend/workspace/iceboard/software/motorBoard_v0.1/template_Implmnt/sbt/Temp/sbt_temp.sdc
Output directory     - /home/letrend/workspace/iceboard/software/motorBoard_v0.1/template_Implmnt/sbt/outputs/placer
Timing library       - /home/letrend/lscc/iCEcube2.2017.08/sbt_backend/devices/ice40LP8K.lib
Effort level         - std

I2050: Starting reading inputs for placer
=============================================================
I2100: Reading design library: /home/letrend/workspace/iceboard/software/motorBoard_v0.1/template_Implmnt/sbt/netlist/oadb-TinyFPGA_B/BFPGA_DESIGN_ep
I2065: Reading device file : /home/letrend/lscc/iCEcube2.2017.08/sbt_backend/devices/ICE40P08.dev
I2051: Reading of inputs for placer completed successfully

I2053: Starting placement of the design
=============================================================

Input Design Statistics
    Number of LUTs      	:	6719
    Number of DFFs      	:	998
    Number of DFFs packed to IO	:	0
    Number of Carrys    	:	2073
    Number of RAMs      	:	0
    Number of ROMs      	:	0
    Number of IOs       	:	19
    Number of GBIOs     	:	1
    Number of GBs       	:	0
    Number of WarmBoot  	:	0
    Number of PLLs      	:	1


Phase 1
I2077: Start design legalization
W2216: SB_GB_IO 'CLK_pad' is assigned to a non-GB pin 'B2'. Replacing it with SB_IO 'CLK_pad' and SB_GB 'CLK_pad_gb'

Design Legalization Statistics
    Number of feedthru LUTs inserted to legalize input of DFFs     	:	10
    Number of feedthru LUTs inserted for LUTs driving multiple DFFs	:	0
    Number of LUTs replicated for LUTs driving multiple DFFs       	:	3
    Number of feedthru LUTs inserted to legalize output of CARRYs  	:	0
    Number of feedthru LUTs inserted to legalize global signals    	:	1
    Number of feedthru CARRYs inserted to legalize input of CARRYs 	:	0
    Number of inserted LUTs to Legalize IOs with PIN_TYPE= 01xxxx  	:	0
    Number of inserted LUTs to Legalize IOs with PIN_TYPE= 10xxxx  	:	0
    Number of inserted LUTs to Legalize IOs with PIN_TYPE= 11xxxx  	:	0
    Total LUTs inserted                                            	:	14
    Total CARRYs inserted                                          	:	0


I2078: Design legalization is completed successfully
I2088: Phase 1, elapsed time : 0.1 (sec)


Phase 2
I2088: Phase 2, elapsed time : 0.1 (sec)

Phase 3
Warning-1034: Found non-unate timing arc, from pin "in3" to pin "lcout" of instance "GB_BUFFER_CLK_c_THRU_LUT4_0_LC_6732", in the clock network. Converting the timing arc to positive-unate
Warning-1034: Found non-unate timing arc, from pin "PACKAGEPIN" to pin "DIN0" of instance "CLK_pad", in the clock network. Converting the timing arc to positive-unate
Info-1404: Inferred PLL generated clock at pll32MHz_inst.pll32MHz_inst/PLLOUTCORE
Info-1404: Inferred PLL generated clock at pll32MHz_inst.pll32MHz_inst/PLLOUTGLOBAL

Design Statistics after Packing
    Number of LUTs      	:	6734
    Number of DFFs      	:	989
    Number of DFFs packed to IO	:	9
    Number of Carrys    	:	2293

Device Utilization Summary after Packing
    Sequential LogicCells
        LUT and DFF      	:	788
        LUT, DFF and CARRY	:	201
    Combinational LogicCells
        Only LUT         	:	3904
        CARRY Only       	:	251
        LUT with CARRY   	:	1841
    LogicCells                  :	6985/7680
    PLBs                        :	943/960
    BRAMs                       :	0/32
    IOs and GBIOs               :	20/63
    PLLs                        :	1/1


I2088: Phase 3, elapsed time : 28.7 (sec)

Phase 4
I2088: Phase 4, elapsed time : 0.4 (sec)

Phase 5
I2088: Phase 5, elapsed time : 65.2 (sec)

Phase 6
I2088: Phase 6, elapsed time : 452.7 (sec)

Final Design Statistics
    Number of LUTs      	:	6734
    Number of DFFs      	:	989
    Number of DFFs packed to IO	:	9
    Number of Carrys    	:	2293
    Number of RAMs      	:	0
    Number of ROMs      	:	0
    Number of IOs       	:	20
    Number of GBIOs     	:	0
    Number of GBs       	:	1
    Number of WarmBoot  	:	0
    Number of PLLs      	:	1

Device Utilization Summary
    LogicCells                  :	6985/7680
    PLBs                        :	949/960
    BRAMs                       :	0/32
    IOs and GBIOs               :	20/63
    PLLs                        :	1/1



#####################################################################
Placement Timing Summary

The timing summary is based on estimated routing delays after
placement. For final timing report, please carry out the timing
analysis after routing.
=====================================================================

#####################################################################
                     Clock Summary 
=====================================================================
Number of clocks: 4
Clock: CLK | Frequency: 76.36 MHz | Target: 16.00 MHz
Clock: TinyFPGA_B|LED_c | Frequency: 4.84 MHz | Target: 16.00 MHz
Clock: pll32MHz_inst.pll32MHz_inst/PLLOUTCORE | Frequency: N/A | Target: 32.00 MHz
Clock: pll32MHz_inst.pll32MHz_inst/PLLOUTGLOBAL | Frequency: 3.43 MHz | Target: 32.00 MHz

=====================================================================
                     End of Clock Summary
#####################################################################

I2054: Placement of design completed successfully

I2076: Placer run-time: 549.6 sec.

placer succeed.
starting IPExporterrunning IPExporterIPExporter succeed.


"/home/letrend/lscc/iCEcube2.2017.08/sbt_backend/bin/linux/opt/packer" "/home/letrend/lscc/iCEcube2.2017.08/sbt_backend/devices/ICE40P08.dev" "/home/letrend/workspace/iceboard/software/motorBoard_v0.1/template_Implmnt/sbt/netlist/oadb-TinyFPGA_B" --package CM81 --outdir "/home/letrend/workspace/iceboard/software/motorBoard_v0.1/template_Implmnt/sbt/outputs/packer" --DRC_only  --translator "/home/letrend/lscc/iCEcube2.2017.08/sbt_backend/bin/sdc_translator.tcl" --src_sdc_file "/home/letrend/workspace/iceboard/software/motorBoard_v0.1/template_Implmnt/sbt/outputs/placer/TinyFPGA_B_pl.sdc" --dst_sdc_file "/home/letrend/workspace/iceboard/software/motorBoard_v0.1/template_Implmnt/sbt/outputs/packer/TinyFPGA_B_pk.sdc" --devicename iCE40LP8K
starting packerLattice Semiconductor Corporation  Packer
Release:        2017.08.27940
Build Date:     Sep 12 2017 08:02:57

Begin Packing...
running packerinitializing finish
Total HPWL cost is 31496
used logic cells: 6985
Design Rule Checking Succeeded

DRC Checker run-time: 2 (sec)
packer succeed.


"/home/letrend/lscc/iCEcube2.2017.08/sbt_backend/bin/linux/opt/packer" "/home/letrend/lscc/iCEcube2.2017.08/sbt_backend/devices/ICE40P08.dev" "/home/letrend/workspace/iceboard/software/motorBoard_v0.1/template_Implmnt/sbt/netlist/oadb-TinyFPGA_B" --package CM81 --outdir "/home/letrend/workspace/iceboard/software/motorBoard_v0.1/template_Implmnt/sbt/outputs/packer" --translator "/home/letrend/lscc/iCEcube2.2017.08/sbt_backend/bin/sdc_translator.tcl" --src_sdc_file "/home/letrend/workspace/iceboard/software/motorBoard_v0.1/template_Implmnt/sbt/outputs/placer/TinyFPGA_B_pl.sdc" --dst_sdc_file "/home/letrend/workspace/iceboard/software/motorBoard_v0.1/template_Implmnt/sbt/outputs/packer/TinyFPGA_B_pk.sdc" --devicename iCE40LP8K
starting packerLattice Semiconductor Corporation  Packer
Release:        2017.08.27940
Build Date:     Sep 12 2017 08:02:57

Begin Packing...
running packerinitializing finish
Total HPWL cost is 31496
used logic cells: 6985
Translating sdc file /home/letrend/workspace/iceboard/software/motorBoard_v0.1/template_Implmnt/sbt/outputs/placer/TinyFPGA_B_pl.sdc...
Translated sdc file is /home/letrend/workspace/iceboard/software/motorBoard_v0.1/template_Implmnt/sbt/outputs/packer/TinyFPGA_B_pk.sdc
Packer succeeded

Packer run-time: 8 (sec)
packer succeed.


"/home/letrend/lscc/iCEcube2.2017.08/sbt_backend/bin/linux/opt/sbrouter" "/home/letrend/lscc/iCEcube2.2017.08/sbt_backend/devices/ICE40P08.dev" "/home/letrend/workspace/iceboard/software/motorBoard_v0.1/template_Implmnt/sbt/netlist/oadb-TinyFPGA_B" "/home/letrend/lscc/iCEcube2.2017.08/sbt_backend/devices/ice40LP8K.lib" "/home/letrend/workspace/iceboard/software/motorBoard_v0.1/template_Implmnt/sbt/outputs/packer/TinyFPGA_B_pk.sdc" --outdir "/home/letrend/workspace/iceboard/software/motorBoard_v0.1/template_Implmnt/sbt/outputs/router" --sdf_file "/home/letrend/workspace/iceboard/software/motorBoard_v0.1/template_Implmnt/sbt/outputs/simulation_netlist/TinyFPGA_B_sbt.sdf" --pin_permutation
starting routerrunning routerSJRouter....
Executing : /home/letrend/lscc/iCEcube2.2017.08/sbt_backend/bin/linux/opt/sbrouter /home/letrend/lscc/iCEcube2.2017.08/sbt_backend/devices/ICE40P08.dev /home/letrend/workspace/iceboard/software/motorBoard_v0.1/template_Implmnt/sbt/netlist/oadb-TinyFPGA_B /home/letrend/lscc/iCEcube2.2017.08/sbt_backend/devices/ice40LP8K.lib /home/letrend/workspace/iceboard/software/motorBoard_v0.1/template_Implmnt/sbt/outputs/packer/TinyFPGA_B_pk.sdc --outdir /home/letrend/workspace/iceboard/software/motorBoard_v0.1/template_Implmnt/sbt/outputs/router --sdf_file /home/letrend/workspace/iceboard/software/motorBoard_v0.1/template_Implmnt/sbt/outputs/simulation_netlist/TinyFPGA_B_sbt.sdf --pin_permutation 
Lattice Semiconductor Corporation  Router
Release:        2017.08.27940
Build Date:     Sep 12 2017 08:09:33

I1203: Reading Design TinyFPGA_B
Read design time: 1
I1202: Reading Architecture of device iCE40LP8K
Info-1404: Inferred PLL generated clock at pll32MHz_inst.pll32MHz_inst/PLLOUTCORE
Info-1404: Inferred PLL generated clock at pll32MHz_inst.pll32MHz_inst/PLLOUTGLOBAL
Read device time: 36
I1209: Started routing
I1223: Total Nets : 9363 
I1212: Iteration  1 :  2850 unrouted : 19 seconds
I1212: Iteration  2 :  1127 unrouted : 10 seconds
I1212: Iteration  3 :   743 unrouted : 4 seconds
I1212: Iteration  4 :   436 unrouted : 2 seconds
I1212: Iteration  5 :   296 unrouted : 1 seconds
I1212: Iteration  6 :   193 unrouted : 0 seconds
I1212: Iteration  7 :   124 unrouted : 1 seconds
I1212: Iteration  8 :    85 unrouted : 0 seconds
I1212: Iteration  9 :    57 unrouted : 1 seconds
I1212: Iteration 10 :    28 unrouted : 0 seconds
I1212: Iteration 11 :    25 unrouted : 0 seconds
I1212: Iteration 12 :    12 unrouted : 1 seconds
I1212: Iteration 13 :    12 unrouted : 0 seconds
I1212: Iteration 14 :    12 unrouted : 0 seconds
I1212: Iteration 15 :    12 unrouted : 0 seconds
I1212: Iteration 16 :    10 unrouted : 1 seconds
I1212: Iteration 17 :     6 unrouted : 0 seconds
I1212: Iteration 18 :     2 unrouted : 0 seconds
I1212: Iteration 19 :     0 unrouted : 0 seconds
I1215: Routing is successful
Routing time: 41
I1206: Completed routing
I1204: Writing Design TinyFPGA_B
Lib Closed
I1210: Writing routes
I1218: Exiting the router
I1224: Router run-time : 84 seconds
 total           425140K
router succeed.

"/home/letrend/lscc/iCEcube2.2017.08/sbt_backend/bin/linux/opt/netlister" --verilog "/home/letrend/workspace/iceboard/software/motorBoard_v0.1/template_Implmnt/sbt/outputs/simulation_netlist/TinyFPGA_B_sbt.v" --vhdl "/home/letrend/workspace/iceboard/software/motorBoard_v0.1/template_Implmnt/sbt/outputs/simulation_netlist/TinyFPGA_B_sbt.vhd" --lib "/home/letrend/workspace/iceboard/software/motorBoard_v0.1/template_Implmnt/sbt/netlist/oadb-TinyFPGA_B" --view rt --device "/home/letrend/lscc/iCEcube2.2017.08/sbt_backend/devices/ICE40P08.dev" --splitio  --in-sdc-file "/home/letrend/workspace/iceboard/software/motorBoard_v0.1/template_Implmnt/sbt/outputs/packer/TinyFPGA_B_pk.sdc" --out-sdc-file "/home/letrend/workspace/iceboard/software/motorBoard_v0.1/template_Implmnt/sbt/outputs/netlister/TinyFPGA_B_sbt.sdc"
starting netlistLattice Semiconductor Corporation  Verilog & VHDL Netlister
Release:        2017.08.27940
Build Date:     Sep 12 2017 08:25:37

running netlistGenerating Verilog & VHDL netlist files ...
Writing /home/letrend/workspace/iceboard/software/motorBoard_v0.1/template_Implmnt/sbt/outputs/simulation_netlist/TinyFPGA_B_sbt.v
Writing /home/letrend/workspace/iceboard/software/motorBoard_v0.1/template_Implmnt/sbt/outputs/simulation_netlist/TinyFPGA_B_sbt.vhd
Netlister succeeded.

Netlister run-time: 60 (sec)
netlist succeed.


"/home/letrend/lscc/iCEcube2.2017.08/sbt_backend/bin/linux/opt/sbtimer" --des-lib "/home/letrend/workspace/iceboard/software/motorBoard_v0.1/template_Implmnt/sbt/netlist/oadb-TinyFPGA_B" --lib-file "/home/letrend/lscc/iCEcube2.2017.08/sbt_backend/devices/ice40LP8K.lib" --sdc-file "/home/letrend/workspace/iceboard/software/motorBoard_v0.1/template_Implmnt/sbt/outputs/netlister/TinyFPGA_B_sbt.sdc" --sdf-file "/home/letrend/workspace/iceboard/software/motorBoard_v0.1/template_Implmnt/sbt/outputs/simulation_netlist/TinyFPGA_B_sbt.sdf" --report-file "/home/letrend/workspace/iceboard/software/motorBoard_v0.1/template_Implmnt/sbt/outputs/timer/TinyFPGA_B_timing.rpt" --device-file "/home/letrend/lscc/iCEcube2.2017.08/sbt_backend/devices/ICE40P08.dev" --timing-summary
starting timerrunning timerExecuting : /home/letrend/lscc/iCEcube2.2017.08/sbt_backend/bin/linux/opt/sbtimer --des-lib /home/letrend/workspace/iceboard/software/motorBoard_v0.1/template_Implmnt/sbt/netlist/oadb-TinyFPGA_B --lib-file /home/letrend/lscc/iCEcube2.2017.08/sbt_backend/devices/ice40LP8K.lib --sdc-file /home/letrend/workspace/iceboard/software/motorBoard_v0.1/template_Implmnt/sbt/outputs/netlister/TinyFPGA_B_sbt.sdc --sdf-file /home/letrend/workspace/iceboard/software/motorBoard_v0.1/template_Implmnt/sbt/outputs/simulation_netlist/TinyFPGA_B_sbt.sdf --report-file /home/letrend/workspace/iceboard/software/motorBoard_v0.1/template_Implmnt/sbt/outputs/timer/TinyFPGA_B_timing.rpt --device-file /home/letrend/lscc/iCEcube2.2017.08/sbt_backend/devices/ICE40P08.dev --timing-summary
Lattice Semiconductor Corporation  Timer
Release:        2017.08.27940
Build Date:     Sep 12 2017 08:08:07

Warning-1034: Found non-unate timing arc, from pin "PADIN" to pin "DIN0" of instance "CLK_pad_preio", in the clock network. Converting the timing arc to positive-unate
Warning-1034: Found non-unate timing arc, from pin "DOUT0" to pin "PADOUT" of instance "LED_pad_preio", in the clock network. Converting the timing arc to positive-unate
Info-1404: Inferred PLL generated clock at pll32MHz_inst.pll32MHz_inst/PLLOUTGLOBAL
Info-1404: Inferred PLL generated clock at pll32MHz_inst.pll32MHz_inst/PLLOUTCORE
Timer run-time: 55 seconds
timer succeed.
timer succeeded.


"/home/letrend/lscc/iCEcube2.2017.08/sbt_backend/bin/linux/opt/bitmap" "/home/letrend/lscc/iCEcube2.2017.08/sbt_backend/devices/ICE40P08.dev" --design "/home/letrend/workspace/iceboard/software/motorBoard_v0.1/template_Implmnt/sbt/netlist/oadb-TinyFPGA_B" --device_name iCE40LP8K --package CM81 --outdir "/home/letrend/workspace/iceboard/software/motorBoard_v0.1/template_Implmnt/sbt/outputs/bitmap" --low_power on --init_ram on --init_ram_bank 1111 --frequency low --warm_boot on
starting bitmapLattice Semiconductor Corporation  Bit Stream Generator
Release:        2017.08.27940
Build Date:     Sep 12 2017 08:24:49

running bitmapBit Stream File Size: 1080760 (1M 31K 440 Bits)
Bit Stream Generator succeeded

Bitmap run-time: 21 (sec)
bitmap succeed.
00:00
