14:01
/home/letrend/lscc/iCEcube2.2017.08/LSE/bin/lin64/synthesis -f "template_lse.prj"
starting Synthesisrunning SynthesisCopyright (c) 1991-1994 by NeoCAD Inc. All rights reserved.
Copyright (c) 1995 AT&T Corp.   All rights reserved.
Copyright (c) 1995-2001 Lucent Technologies Inc.  All rights reserved.
Copyright (c) 2001 Agere Systems   All rights reserved.
Copyright (c) 2002-2015 Lattice Semiconductor Corporation,  All rights reserved.
Thu Jan 23 14:02:36 2020


Command Line:  /home/letrend/lscc/iCEcube2.2017.08/LSE/bin/lin64/synthesis -f template_lse.prj 

INFO - synthesis: Lattice Synthesis Engine Launched.
Synthesis options:
The -a option is SBTiCE40.
The -t option is CM81.
The -d option is iCE40LP8K.
                                                          

##########################################################

### Lattice Family : SBTiCE40

### Device  : iCE40LP8K

### Package : CM81

### Number of Logic Cells: 7680

### Number of RAM4k Blocks: 32

### Number of DSP Blocks: 0

### Number of PLLs: 2

### Number of IO Pins: 178

##########################################################

                                                          

Optimization goal = Area
Top-level module name = TinyFPGA_B.
Target frequency = 16.000000 MHz.
Maximum fanout = 10000.
Timing path count = 3
RWCheckOnRam = 0

BRAM utilization = 100.000000 %
DSP usage = true (default)
DSP utilization = 100 % (default)
fsm_encoding_style = auto
resolve_mixed_drivers = 0
fix_gated_clocks = 1

Mux style = auto (Default)
Use Carry Chain = true
carry_chain_length = 0
Loop Limit = 1950.
Use IO Insertion = TRUE
Use IO Reg = AUTO

Resource Sharing = TRUE
Propagate Constants = TRUE
Remove Duplicate Registers = TRUE
Output EDIF file name = template_Implmnt/template.edf.
WARNING - synthesis: Option -force_gsr will be set to false when option -output_edif/-ngo are set
ROM style = auto
RAM style = auto
The -comp option is FALSE.
The -syn option is FALSE.
-p /home/letrend/workspace/iceboard/software/motorBoard_v0.1 (searchpath added)
Mixed language design
Verilog design file = verilog/TinyFPGA_B.v
Verilog design file = verilog/uart_rx.v
Verilog design file = verilog/uart_tx.v
Verilog design file = verilog/coms.v
Verilog design file = verilog/motorControl.v
Verilog design file = quad.v
Verilog design file = verilog/pll32MHz.v
Verilog design file = verilog/neopixel.v
VHDL library = work
VHDL design file = vhdl/spi_master_slave/trunk/rtl/spi_master_slave/spi_master.vhd
VHDL library = work
VHDL design file = vhdl/spi_master_slave/trunk/rtl/spi_master_slave/grp_debouncer.vhd
VHDL library = work
VHDL design file = vhdl/pwm.vhd
-sdc option: SDC file input is constraints/clk.sdc.
-vh2008

Technology check ok...

Analyzing Verilog file /home/letrend/lscc/iCEcube2.2017.08/LSE/userware/unix/SYNTHESIS_HEADERS/machxo2.v. VERI-1482
Analyzing Verilog file /home/letrend/lscc/iCEcube2.2017.08/LSE/userware/unix/SYNTHESIS_HEADERS/sb_ice40.v. VERI-1482
Compile design.
Compile Design Begin
WARNING - synthesis: /home/letrend/lscc/iCEcube2.2017.08/LSE/userware/unix/SYNTHESIS_HEADERS/sb_ice40.v(79): assignment to input EVERI-1214
WARNING - synthesis: /home/letrend/lscc/iCEcube2.2017.08/LSE/userware/unix/SYNTHESIS_HEADERS/sb_ice40.v(88): assignment to input EVERI-1214
WARNING - synthesis: /home/letrend/lscc/iCEcube2.2017.08/LSE/userware/unix/SYNTHESIS_HEADERS/sb_ice40.v(98): assignment to input EVERI-1214
WARNING - synthesis: /home/letrend/lscc/iCEcube2.2017.08/LSE/userware/unix/SYNTHESIS_HEADERS/sb_ice40.v(108): assignment to input EVERI-1214
WARNING - synthesis: /home/letrend/lscc/iCEcube2.2017.08/LSE/userware/unix/SYNTHESIS_HEADERS/sb_ice40.v(118): assignment to input EVERI-1214
WARNING - synthesis: /home/letrend/lscc/iCEcube2.2017.08/LSE/userware/unix/SYNTHESIS_HEADERS/sb_ice40.v(170): assignment to input EVERI-1214
WARNING - synthesis: /home/letrend/lscc/iCEcube2.2017.08/LSE/userware/unix/SYNTHESIS_HEADERS/sb_ice40.v(179): assignment to input EVERI-1214
WARNING - synthesis: /home/letrend/lscc/iCEcube2.2017.08/LSE/userware/unix/SYNTHESIS_HEADERS/sb_ice40.v(189): assignment to input EVERI-1214
WARNING - synthesis: /home/letrend/lscc/iCEcube2.2017.08/LSE/userware/unix/SYNTHESIS_HEADERS/sb_ice40.v(199): assignment to input EVERI-1214
WARNING - synthesis: /home/letrend/lscc/iCEcube2.2017.08/LSE/userware/unix/SYNTHESIS_HEADERS/sb_ice40.v(209): assignment to input EVERI-1214
WARNING - synthesis: /home/letrend/lscc/iCEcube2.2017.08/LSE/userware/unix/SYNTHESIS_HEADERS/sb_ice40.v(3725): empty port in module declaration. VERI-1294
Analyzing Verilog file verilog/TinyFPGA_B.v. VERI-1482
Analyzing Verilog file verilog/uart_rx.v. VERI-1482
Analyzing Verilog file verilog/uart_tx.v. VERI-1482
Analyzing Verilog file verilog/coms.v. VERI-1482
Analyzing Verilog file verilog/motorControl.v. VERI-1482
Analyzing Verilog file quad.v. VERI-1482
Analyzing Verilog file verilog/pll32MHz.v. VERI-1482
Analyzing Verilog file verilog/neopixel.v. VERI-1482
WARNING - synthesis: verilog/neopixel.v(16): keyword 'unsigned' is not allowed here in this mode of verilog. VERI-1411
WARNING - synthesis: verilog/neopixel.v(17): keyword 'unsigned' is not allowed here in this mode of verilog. VERI-1411
Analyzing VHDL file vhdl/spi_master_slave/trunk/rtl/spi_master_slave/spi_master.vhd. VHDL-1481
INFO - synthesis: vhdl/spi_master_slave/trunk/rtl/spi_master_slave/spi_master.vhd(173): analyzing entity spi_master. VHDL-1012
INFO - synthesis: vhdl/spi_master_slave/trunk/rtl/spi_master_slave/spi_master.vhd(215): analyzing architecture rtl. VHDL-1010
Analyzing VHDL file vhdl/spi_master_slave/trunk/rtl/spi_master_slave/grp_debouncer.vhd. VHDL-1481
INFO - synthesis: vhdl/spi_master_slave/trunk/rtl/spi_master_slave/grp_debouncer.vhd(128): analyzing entity grp_debouncer. VHDL-1012
INFO - synthesis: vhdl/spi_master_slave/trunk/rtl/spi_master_slave/grp_debouncer.vhd(140): analyzing architecture rtl. VHDL-1010
Analyzing VHDL file vhdl/pwm.vhd. VHDL-1481
INFO - synthesis: vhdl/pwm.vhd(30): analyzing entity pwm. VHDL-1012
INFO - synthesis: vhdl/pwm.vhd(46): analyzing architecture logic. VHDL-1010
INFO - synthesis: The default VHDL library search path is now "/home/letrend/workspace/iceboard/software/motorBoard_v0.1". VHDL-1504
Top module language type = Verilog.
Top module name (Verilog, mixed language): TinyFPGA_B
INFO - synthesis: verilog/TinyFPGA_B.v(2): compiling module TinyFPGA_B. VERI-1018
INFO - synthesis: verilog/pll32MHz.v(1): compiling module pll32MHz. VERI-1018
INFO - synthesis: /home/letrend/lscc/iCEcube2.2017.08/LSE/userware/unix/SYNTHESIS_HEADERS/sb_ice40.v(699): compiling module SB_PLL40_CORE(FEEDBACK_PATH="PHASE_AND_DELAY",FDA_FEEDBACK=4'b0,FDA_RELATIVE=4'b0,PLLOUT_SELECT="SHIFTREG_0deg",DIVF=7'b01,DIVQ=3'b011,FILTER_RANGE=3'b01). VERI-1018
WARNING - synthesis: verilog/pll32MHz.v(22): input port EXTFEEDBACK is not connected on this instance. VDB-1013
INFO - synthesis: verilog/neopixel.v(1): compiling module neopixel. VERI-1018
WARNING - synthesis: verilog/neopixel.v(39): expression size 32 truncated to fit in target size 4. VERI-1209
INFO - synthesis: /home/letrend/lscc/iCEcube2.2017.08/LSE/userware/unix/SYNTHESIS_HEADERS/sb_ice40.v(502): compiling module SB_IO(PIN_TYPE=6'b01,PULLUP=1'b1). VERI-1018
INFO - synthesis: verilog/TinyFPGA_B.v(96): going to vhdl side to elaborate module pwm. VERI-1231
vhdl/pwm.vhd(30): executing pwm(32000000,20000,32000000,23,1)(logic)

INFO - synthesis: verilog/TinyFPGA_B.v(96): back to verilog to continue elaboration. VERI-1232
WARNING - synthesis: verilog/TinyFPGA_B.v(105): expression size 24 truncated to fit in target size 23. VERI-1209
WARNING - synthesis: verilog/TinyFPGA_B.v(108): expression size 24 truncated to fit in target size 23. VERI-1209
INFO - synthesis: /home/letrend/lscc/iCEcube2.2017.08/LSE/userware/unix/SYNTHESIS_HEADERS/sb_ice40.v(502): compiling module SB_IO(PIN_TYPE=6'b101001,PULLUP=1'b1). VERI-1018
INFO - synthesis: verilog/coms.v(1): compiling module coms. VERI-1018
INFO - synthesis: verilog/uart_rx.v(14): compiling module uart_rx. VERI-1018
WARNING - synthesis: verilog/uart_rx.v(80): expression size 32 truncated to fit in target size 8. VERI-1209
WARNING - synthesis: verilog/uart_rx.v(91): expression size 32 truncated to fit in target size 8. VERI-1209
WARNING - synthesis: verilog/uart_rx.v(102): expression size 32 truncated to fit in target size 3. VERI-1209
WARNING - synthesis: verilog/uart_rx.v(120): expression size 32 truncated to fit in target size 8. VERI-1209
INFO - synthesis: verilog/uart_tx.v(14): compiling module uart_tx. VERI-1018
WARNING - synthesis: verilog/uart_tx.v(70): expression size 32 truncated to fit in target size 9. VERI-1209
WARNING - synthesis: verilog/uart_tx.v(88): expression size 32 truncated to fit in target size 9. VERI-1209
WARNING - synthesis: verilog/uart_tx.v(98): expression size 32 truncated to fit in target size 3. VERI-1209
WARNING - synthesis: verilog/uart_tx.v(118): expression size 32 truncated to fit in target size 9. VERI-1209
WARNING - synthesis: verilog/coms.v(126): expression size 26 truncated to fit in target size 24. VERI-1209
WARNING - synthesis: verilog/coms.v(215): expression size 32 truncated to fit in target size 8. VERI-1209
WARNING - synthesis: verilog/TinyFPGA_B.v(170): expression size 32 truncated to fit in target size 24. VERI-1209
INFO - synthesis: verilog/motorControl.v(1): compiling module motorControl. VERI-1018
INFO - synthesis: quad.v(3): compiling module quad(DEBOUNCE_TICKS=100). VERI-1018
INFO - synthesis: quad.v(19): going to vhdl side to elaborate module grp_debouncer. VERI-1231
vhdl/spi_master_slave/trunk/rtl/spi_master_slave/grp_debouncer.vhd(128): executing grp_debouncer(2,100)(rtl)

INFO - synthesis: quad.v(19): back to verilog to continue elaboration. VERI-1232
WARNING - synthesis: quad.v(39): expression size 32 truncated to fit in target size 24. VERI-1209
WARNING - synthesis: quad.v(39): expression size 32 truncated to fit in target size 24. VERI-1209
INFO - synthesis: verilog/TinyFPGA_B.v(242): going to vhdl side to elaborate module spi_master. VERI-1231
vhdl/spi_master_slave/trunk/rtl/spi_master_slave/spi_master.vhd(173): executing spi_master(16,'U','X',2,16)(rtl)

INFO - synthesis: vhdl/spi_master_slave/trunk/rtl/spi_master_slave/spi_master.vhd(289): Found User declared VHDL assert of type Failure: "Generic parameter 'N' (shift register size) needs to be 8 bits minimum". VHDL-1700
INFO - synthesis: vhdl/spi_master_slave/trunk/rtl/spi_master_slave/spi_master.vhd(293): Found User declared VHDL assert of type Failure: "Generic parameter 'PREFETCH' (lookahead count) needs to be 1 minimum". VHDL-1700
INFO - synthesis: vhdl/spi_master_slave/trunk/rtl/spi_master_slave/spi_master.vhd(297): Found User declared VHDL assert of type Failure: "Generic parameter 'PREFETCH' (lookahead count) out of range, needs to be N-5 maximum". VHDL-1700
INFO - synthesis: vhdl/spi_master_slave/trunk/rtl/spi_master_slave/spi_master.vhd(301): Found User declared VHDL assert of type Failure: "Generic parameter 'SPI_2X_CLK_DIV' must not be zero". VHDL-1700
WARNING - synthesis: vhdl/spi_master_slave/trunk/rtl/spi_master_slave/spi_master.vhd(223): net spi_clk does not have a driver. VDB-1002
WARNING - synthesis: vhdl/spi_master_slave/trunk/rtl/spi_master_slave/spi_master.vhd(226): net fsm_ce does not have a driver. VDB-1002
WARNING - synthesis: vhdl/spi_master_slave/trunk/rtl/spi_master_slave/spi_master.vhd(228): net samp_ce does not have a driver. VDB-1002
INFO - synthesis: verilog/TinyFPGA_B.v(242): back to verilog to continue elaboration. VERI-1232
WARNING - synthesis: verilog/TinyFPGA_B.v(111): Register enable_41 is stuck at One. VDB-5014
WARNING - synthesis: verilog/TinyFPGA_B.v(60): input port LATCH_INPUT_VALUE is not connected on this instance. VDB-1013
WARNING - synthesis: verilog/TinyFPGA_B.v(68): input port LATCH_INPUT_VALUE is not connected on this instance. VDB-1013
WARNING - synthesis: verilog/TinyFPGA_B.v(76): input port LATCH_INPUT_VALUE is not connected on this instance. VDB-1013
WARNING - synthesis: verilog/TinyFPGA_B.v(122): input port LATCH_INPUT_VALUE is not connected on this instance. VDB-1013
WARNING - synthesis: verilog/TinyFPGA_B.v(242): input port di_i[15] is not connected on this instance. VDB-1013
Loading NGL library '/home/letrend/lscc/iCEcube2.2017.08/LSE/xo2c00/data/xo2clib.ngl'...
Loading NGL library '/home/letrend/lscc/iCEcube2.2017.08/LSE/or5g00/data/orc5glib.ngl'...
Top-level module name = TinyFPGA_B.
WARNING - synthesis: Initial value found on net dat_strb will be ignored due to unrecognized driver type
WARNING - synthesis: Initial value found on net strb_next will be ignored due to unrecognized driver type
WARNING - synthesis: Initial value found on net dat_diff will be ignored due to unrecognized driver type
WARNING - synthesis: Initial value found on net cnt_next[6] will be ignored due to unrecognized driver type
WARNING - synthesis: Initial value found on net cnt_next[5] will be ignored due to unrecognized driver type
WARNING - synthesis: Initial value found on net cnt_next[4] will be ignored due to unrecognized driver type
WARNING - synthesis: Initial value found on net cnt_next[3] will be ignored due to unrecognized driver type
WARNING - synthesis: Initial value found on net cnt_next[2] will be ignored due to unrecognized driver type
WARNING - synthesis: Initial value found on net cnt_next[1] will be ignored due to unrecognized driver type
WARNING - synthesis: Initial value found on net cnt_next[0] will be ignored due to unrecognized driver type
WARNING - synthesis: Initial value found on net state_next[4] will be ignored due to unrecognized driver type
WARNING - synthesis: Initial value found on net state_next[3] will be ignored due to unrecognized driver type
WARNING - synthesis: Initial value found on net state_next[2] will be ignored due to unrecognized driver type
WARNING - synthesis: Initial value found on net state_next[1] will be ignored due to unrecognized driver type
WARNING - synthesis: Initial value found on net state_next[0] will be ignored due to unrecognized driver type
WARNING - synthesis: Initial value found on net wr_ack_next will be ignored due to unrecognized driver type
WARNING - synthesis: Initial value found on net ssel_ena_next will be ignored due to unrecognized driver type
WARNING - synthesis: Initial value found on net do_transfer_next will be ignored due to unrecognized driver type
WARNING - synthesis: Initial value found on net di_req_next will be ignored due to unrecognized driver type
WARNING - synthesis: Initial value found on net do_valid_next will be ignored due to unrecognized driver type
WARNING - synthesis: Initial value found on net di_req_o_next will be ignored due to unrecognized driver type
WARNING - synthesis: verilog/TinyFPGA_B.v(60): input port LATCH_INPUT_VALUE is not connected on this instance. VDB-1013
WARNING - synthesis: verilog/TinyFPGA_B.v(68): input port LATCH_INPUT_VALUE is not connected on this instance. VDB-1013
WARNING - synthesis: verilog/TinyFPGA_B.v(76): input port LATCH_INPUT_VALUE is not connected on this instance. VDB-1013
WARNING - synthesis: verilog/TinyFPGA_B.v(122): input port LATCH_INPUT_VALUE is not connected on this instance. VDB-1013
WARNING - synthesis: verilog/TinyFPGA_B.v(242): input port di_i[15] is not connected on this instance. VDB-1013
WARNING - synthesis: verilog/pll32MHz.v(22): input port EXTFEEDBACK is not connected on this instance. VDB-1013
WARNING - synthesis: vhdl/spi_master_slave/trunk/rtl/spi_master_slave/spi_master.vhd(223): net spi_clk does not have a driver. VDB-1002
WARNING - synthesis: vhdl/spi_master_slave/trunk/rtl/spi_master_slave/spi_master.vhd(226): net fsm_ce does not have a driver. VDB-1002
WARNING - synthesis: vhdl/spi_master_slave/trunk/rtl/spi_master_slave/spi_master.vhd(228): net samp_ce does not have a driver. VDB-1002
######## Converting I/O port SDA to input.
WARNING - synthesis: vhdl/spi_master_slave/trunk/rtl/spi_master_slave/spi_master.vhd(191): net \spi/di_i[15] does not have a driver. VDB-1002
######## Missing driver on net SCL. Patching with GND.
######## Missing driver on net \spi/di_i[15]. Patching with GND.
######## Missing driver on net \spi/di_i[14]. Patching with GND.
######## Missing driver on net \spi/di_i[13]. Patching with GND.
######## Missing driver on net \spi/di_i[12]. Patching with GND.
######## Missing driver on net \spi/di_i[11]. Patching with GND.
######## Missing driver on net \spi/di_i[10]. Patching with GND.
######## Missing driver on net \spi/di_i[9]. Patching with GND.
######## Missing driver on net \spi/di_i[8]. Patching with GND.
######## Missing driver on net \spi/di_i[7]. Patching with GND.
######## Missing driver on net \spi/di_i[6]. Patching with GND.
######## Missing driver on net \spi/di_i[5]. Patching with GND.
######## Missing driver on net \spi/di_i[4]. Patching with GND.
######## Missing driver on net \spi/di_i[3]. Patching with GND.
######## Missing driver on net \spi/di_i[2]. Patching with GND.
######## Missing driver on net \spi/di_i[1]. Patching with GND.
######## Missing driver on net \spi/di_i[0]. Patching with GND.
######## Missing driver on net \spi/spi_clk. Patching with GND.
######## Missing driver on net \spi/fsm_ce. Patching with GND.
######## Missing driver on net \spi/samp_ce. Patching with GND.
WARNING - synthesis: vhdl/spi_master_slave/trunk/rtl/spi_master_slave/spi_master.vhd(403): Register \spi/rx_bit_reg_104 is stuck at Zero. VDB-5013
WARNING - synthesis: Bit 0 of Register \spi/di_reg is stuck at Zero
WARNING - synthesis: Bit 1 of Register \spi/di_reg is stuck at Zero
WARNING - synthesis: Bit 2 of Register \spi/di_reg is stuck at Zero
WARNING - synthesis: Bit 3 of Register \spi/di_reg is stuck at Zero
WARNING - synthesis: Bit 4 of Register \spi/di_reg is stuck at Zero
WARNING - synthesis: Bit 5 of Register \spi/di_reg is stuck at Zero
WARNING - synthesis: Bit 6 of Register \spi/di_reg is stuck at Zero
WARNING - synthesis: Bit 7 of Register \spi/di_reg is stuck at Zero
WARNING - synthesis: Bit 8 of Register \spi/di_reg is stuck at Zero
WARNING - synthesis: Bit 9 of Register \spi/di_reg is stuck at Zero
WARNING - synthesis: Bit 10 of Register \spi/di_reg is stuck at Zero
WARNING - synthesis: Bit 11 of Register \spi/di_reg is stuck at Zero
WARNING - synthesis: Bit 12 of Register \spi/di_reg is stuck at Zero
WARNING - synthesis: Bit 13 of Register \spi/di_reg is stuck at Zero
WARNING - synthesis: Bit 14 of Register \spi/di_reg is stuck at Zero
WARNING - synthesis: Bit 15 of Register \spi/di_reg is stuck at Zero
WARNING - synthesis: vhdl/spi_master_slave/trunk/rtl/spi_master_slave/spi_master.vhd(478): Register \spi/ssel_ena_reg_119 is stuck at Zero. VDB-5013
WARNING - synthesis: vhdl/spi_master_slave/trunk/rtl/spi_master_slave/spi_master.vhd(599): Register \spi/spi_clk_reg_125 is stuck at Zero. VDB-5013
WARNING - synthesis: vhdl/spi_master_slave/trunk/rtl/spi_master_slave/spi_master.vhd(451): Register \spi/wren_116 is stuck at One. VDB-5014



WARNING - synthesis: Bit 0 of Register \PWM/half_duty_new is stuck at Zero
WARNING - synthesis: Bit 1 of Register \PWM/half_duty_new is stuck at Zero
WARNING - synthesis: Bit 0 of Register \PWM/half_duty[0] is stuck at Zero
WARNING - synthesis: Bit 1 of Register \PWM/half_duty[0] is stuck at Zero
WARNING - synthesis: Skipping pad insertion on TX due to black_box_pad_pin attribute.
WARNING - synthesis: Skipping pad insertion on HALL1 due to black_box_pad_pin attribute.
WARNING - synthesis: Skipping pad insertion on HALL2 due to black_box_pad_pin attribute.
WARNING - synthesis: Skipping pad insertion on HALL3 due to black_box_pad_pin attribute.
WARNING - synthesis: verilog/coms.v(300): Register \neopxl_color_23__I_0/Kp_i16 is stuck at Zero. VDB-5013
WARNING - synthesis: verilog/TinyFPGA_B.v(225): Register current_i0_i0 is stuck at Zero. VDB-5013
WARNING - synthesis: verilog/neopixel.v(117): Register \nx/state_i2 is stuck at Zero. VDB-5013
WARNING - synthesis: verilog/coms.v(300): Register \neopxl_color_23__I_0/data_out_frame[0]__i3 is stuck at One. VDB-5014
Writing scf file : template_Implmnt/template.scf

Writing scf file : template_Implmnt/template.scf

Writing scf file : template_Implmnt/template.scf

Writing scf file : template_Implmnt/template.scf

Writing scf file : template_Implmnt/template.scf

Results of NGD DRC are available in TinyFPGA_B_drc.log.

################### Begin Area Report (TinyFPGA_B)######################
Number of register bits => 969 of 7680 (12 % )
SB_CARRY => 1285
SB_DFF => 687
SB_DFFE => 125
SB_DFFESR => 75
SB_DFFESS => 1
SB_DFFSR => 20
SB_DFFSS => 61
SB_GB_IO => 1
SB_IO => 22
SB_LUT4 => 4235
SB_PLL40_CORE => 1
################### End Area Report ##################

################### Begin Clock Report ######################
Clock Nets
Number of Clocks: 2
  Net : pll32MHz_inst/clk32MHz, loads : 949
  Net : CLK_c, loads : 30
Clock Enable Nets
Number of Clock Enables: 0
Top 0 highest fanout Clock Enables:
Highest fanout non-clock nets
Top 10 highest fanout non-clock nets:
  Net : neopxl_color_23__I_0/n11643, loads : 151
  Net : neopxl_color_23__I_0/byte_transmit_counter_0, loads : 75
  Net : neopxl_color_23__I_0/byte_transmit_counter_1, loads : 66
  Net : neopxl_color_23__I_0/n27578, loads : 56
  Net : neopxl_color_23__I_0/n27597, loads : 56
  Net : neopxl_color_23__I_0/n4725, loads : 55
  Net : nx/n3116, loads : 52
  Net : nx/n3017, loads : 50
  Net : neopxl_color_23__I_0/control_mode_0, loads : 49
  Net : nx/n2918, loads : 48
################### End Clock Report ##################

Timing Report Summary
--------------
--------------------------------------------------------------------------------
Constraint                              |   Constraint|       Actual|Levels
--------------------------------------------------------------------------------
                                        |             |             |
create_clock -period 62.500000 -name    |             |             |
clk500 [get_nets clk32MHz]              |            -|            -|     0  
                                        |             |             |
create_clock -period 62.500000          |             |             |
-waveform { 0.000000 31.250000 } -name  |             |             |
CLK [ get_ports { CLK } ]               |   16.000 MHz|   40.586 MHz|    16  
                                        |             |             |
--------------------------------------------------------------------------------


All constraints were met.


Peak Memory Usage: 255.586  MB

--------------------------------------------------------------
Elapsed CPU time for LSE flow : 15.888  secs
--------------------------------------------------------------
Current Implementation template_Implmnt its sbt path: /home/letrend/workspace/iceboard/software/motorBoard_v0.1/template_Implmnt/sbt
Synthesis succeed.
Synthesis succeeded.
Synthesis runtime 16 seconds


"/home/letrend/lscc/iCEcube2.2017.08/sbt_backend/bin/linux/opt/edifparser" "/home/letrend/lscc/iCEcube2.2017.08/sbt_backend/devices/ICE40P08.dev" "/home/letrend/workspace/iceboard/software/motorBoard_v0.1/template_Implmnt/template.edf " "/home/letrend/workspace/iceboard/software/motorBoard_v0.1/template_Implmnt/sbt/netlist" "-pCM81" "-y/home/letrend/workspace/iceboard/software/motorBoard_v0.1/constraints/pins.pcf " "-s/home/letrend/workspace/iceboard/software/motorBoard_v0.1/constraints/clk.sdc " -c --devicename iCE40LP8K
starting edif parserLattice Semiconductor Corporation  Edif Parser
Release:        2017.08.27940
Build Date:     Sep 12 2017 08:01:35

running edif parserParsing edif file: /home/letrend/workspace/iceboard/software/motorBoard_v0.1/template_Implmnt/template.edf...
Parsing constraint file: /home/letrend/workspace/iceboard/software/motorBoard_v0.1/constraints/pins.pcf...
start to read sdc/scf file /home/letrend/workspace/iceboard/software/motorBoard_v0.1/template_Implmnt/template.scf
sdc_reader OK /home/letrend/workspace/iceboard/software/motorBoard_v0.1/template_Implmnt/template.scf
start to read sdc/scf file /home/letrend/workspace/iceboard/software/motorBoard_v0.1/constraints/clk.sdc
Warning: Found double defined(create_clock) at CLK. Using latest one and ignore previous one
	Ignored create_clock  -period 62.50  -waveform {0.00 31.25}  -name {CLK} [get_ports {CLK}]
Stored edif netlist at /home/letrend/workspace/iceboard/software/motorBoard_v0.1/template_Implmnt/sbt/netlist/oadb-TinyFPGA_B...
Warning: The terminal connectivity tx_output:LATCHINPUTVALUE is removed because the PIN_TYPE is configured as 101001
Warning: The terminal connectivity tx_output:INPUTCLK is removed because the PIN_TYPE is configured as 101001
Warning: The terminal connectivity tx_output:OUTPUTCLK is removed because the PIN_TYPE is configured as 101001
Warning: The terminal connectivity hall3_input:LATCHINPUTVALUE is removed because the PIN_TYPE is configured as 000001
Warning: The terminal connectivity hall3_input:INPUTCLK is removed because the PIN_TYPE is configured as 000001
Warning: The terminal connectivity hall3_input:OUTPUTENABLE is removed because the PIN_TYPE is configured as 000001
Warning: The terminal connectivity hall3_input:OUTPUTCLK is removed because the PIN_TYPE is configured as 000001
Warning: The terminal connectivity hall2_input:LATCHINPUTVALUE is removed because the PIN_TYPE is configured as 000001
Warning: The terminal connectivity hall2_input:INPUTCLK is removed because the PIN_TYPE is configured as 000001
Warning: The terminal connectivity hall2_input:OUTPUTENABLE is removed because the PIN_TYPE is configured as 000001
Warning: The terminal connectivity hall2_input:OUTPUTCLK is removed because the PIN_TYPE is configured as 000001
Warning: The terminal connectivity hall1_input:LATCHINPUTVALUE is removed because the PIN_TYPE is configured as 000001
Warning: The terminal connectivity hall1_input:INPUTCLK is removed because the PIN_TYPE is configured as 000001
Warning: The terminal connectivity hall1_input:OUTPUTENABLE is removed because the PIN_TYPE is configured as 000001
Warning: The terminal connectivity hall1_input:OUTPUTCLK is removed because the PIN_TYPE is configured as 000001
Warning: The terminal connectivity USBPU_pad:OUTPUTENABLE is removed because the PIN_TYPE is configured as 011001
Warning: The terminal connectivity SCL_pad:OUTPUTENABLE is removed because the PIN_TYPE is configured as 011001
Warning: The terminal connectivity RX_pad:OUTPUTENABLE is removed because the PIN_TYPE is configured as 000001
Warning: The terminal connectivity NEOPXL_pad:OUTPUTENABLE is removed because the PIN_TYPE is configured as 011001
Warning: The terminal connectivity LED_pad:OUTPUTENABLE is removed because the PIN_TYPE is configured as 011001
Warning: The terminal connectivity INLC_pad:OUTPUTENABLE is removed because the PIN_TYPE is configured as 011001
Warning: The terminal connectivity INLB_pad:OUTPUTENABLE is removed because the PIN_TYPE is configured as 011001
Warning: The terminal connectivity INLA_pad:OUTPUTENABLE is removed because the PIN_TYPE is configured as 011001
Warning: The terminal connectivity INHC_pad:OUTPUTENABLE is removed because the PIN_TYPE is configured as 011001
Warning: The terminal connectivity INHB_pad:OUTPUTENABLE is removed because the PIN_TYPE is configured as 011001
Warning: The terminal connectivity INHA_pad:OUTPUTENABLE is removed because the PIN_TYPE is configured as 011001
Warning: The terminal connectivity ENCODER1_B_pad:OUTPUTENABLE is removed because the PIN_TYPE is configured as 000001
Warning: The terminal connectivity ENCODER1_A_pad:OUTPUTENABLE is removed because the PIN_TYPE is configured as 000001
Warning: The terminal connectivity ENCODER0_B_pad:OUTPUTENABLE is removed because the PIN_TYPE is configured as 000001
Warning: The terminal connectivity ENCODER0_A_pad:OUTPUTENABLE is removed because the PIN_TYPE is configured as 000001
Warning: The terminal connectivity DE_pad:OUTPUTENABLE is removed because the PIN_TYPE is configured as 011001
Warning: The terminal connectivity CS_pad:OUTPUTENABLE is removed because the PIN_TYPE is configured as 011001
Warning: The terminal connectivity CS_CLK_pad:OUTPUTENABLE is removed because the PIN_TYPE is configured as 011001
Warning: The terminal connectivity CLK_pad:OUTPUTENABLE is removed because the PIN_TYPE is configured as 000001
Warning: The terminal nx.start_103:E is driven by default driver : VCC, Disconnecting it.
Warning: The terminal nx.state_i1:E is driven by default driver : VCC, Disconnecting it.

write Timing Constraint to /home/letrend/workspace/iceboard/software/motorBoard_v0.1/template_Implmnt/sbt/Temp/sbt_temp.sdc

EDIF Parser succeeded
Top module is: TinyFPGA_B

EDF Parser run-time: 3 (sec)
edif parser succeed.


"/home/letrend/lscc/iCEcube2.2017.08/sbt_backend/bin/linux/opt/sbtplacer" --des-lib "/home/letrend/workspace/iceboard/software/motorBoard_v0.1/template_Implmnt/sbt/netlist/oadb-TinyFPGA_B" --outdir "/home/letrend/workspace/iceboard/software/motorBoard_v0.1/template_Implmnt/sbt/outputs/placer" --device-file "/home/letrend/lscc/iCEcube2.2017.08/sbt_backend/devices/ICE40P08.dev" --package CM81 --deviceMarketName iCE40LP8K --sdc-file "/home/letrend/workspace/iceboard/software/motorBoard_v0.1/template_Implmnt/sbt/Temp/sbt_temp.sdc" --lib-file "/home/letrend/lscc/iCEcube2.2017.08/sbt_backend/devices/ice40LP8K.lib" --effort_level std --out-sdc-file "/home/letrend/workspace/iceboard/software/motorBoard_v0.1/template_Implmnt/sbt/outputs/placer/TinyFPGA_B_pl.sdc"
starting placerrunning placerExecuting : /home/letrend/lscc/iCEcube2.2017.08/sbt_backend/bin/linux/opt/sbtplacer --des-lib /home/letrend/workspace/iceboard/software/motorBoard_v0.1/template_Implmnt/sbt/netlist/oadb-TinyFPGA_B --outdir /home/letrend/workspace/iceboard/software/motorBoard_v0.1/template_Implmnt/sbt/outputs/placer --device-file /home/letrend/lscc/iCEcube2.2017.08/sbt_backend/devices/ICE40P08.dev --package CM81 --deviceMarketName iCE40LP8K --sdc-file /home/letrend/workspace/iceboard/software/motorBoard_v0.1/template_Implmnt/sbt/Temp/sbt_temp.sdc --lib-file /home/letrend/lscc/iCEcube2.2017.08/sbt_backend/devices/ice40LP8K.lib --effort_level std --out-sdc-file /home/letrend/workspace/iceboard/software/motorBoard_v0.1/template_Implmnt/sbt/outputs/placer/TinyFPGA_B_pl.sdc
Lattice Semiconductor Corporation  Placer
Release:        2017.08.27940
Build Date:     Sep 12 2017 08:22:02

W2715: Warning for set_io Constraint: Ignoring pin assignment for CS_MISO, as it is not connected to any PAD
W2715: Warning for set_io Constraint: Ignoring pin assignment for FAULT_N, as it is not connected to any PAD
W2715: Warning for set_io Constraint: Ignoring pin assignment for SDA, as it is not connected to any PAD
I2004: Option and Settings Summary
=============================================================
Device file          - /home/letrend/lscc/iCEcube2.2017.08/sbt_backend/devices/ICE40P08.dev
Package              - CM81
Design database      - /home/letrend/workspace/iceboard/software/motorBoard_v0.1/template_Implmnt/sbt/netlist/oadb-TinyFPGA_B
SDC file             - /home/letrend/workspace/iceboard/software/motorBoard_v0.1/template_Implmnt/sbt/Temp/sbt_temp.sdc
Output directory     - /home/letrend/workspace/iceboard/software/motorBoard_v0.1/template_Implmnt/sbt/outputs/placer
Timing library       - /home/letrend/lscc/iCEcube2.2017.08/sbt_backend/devices/ice40LP8K.lib
Effort level         - std

I2050: Starting reading inputs for placer
=============================================================
I2100: Reading design library: /home/letrend/workspace/iceboard/software/motorBoard_v0.1/template_Implmnt/sbt/netlist/oadb-TinyFPGA_B/BFPGA_DESIGN_ep
I2065: Reading device file : /home/letrend/lscc/iCEcube2.2017.08/sbt_backend/devices/ICE40P08.dev
I2051: Reading of inputs for placer completed successfully

I2053: Starting placement of the design
=============================================================

Input Design Statistics
    Number of LUTs      	:	4235
    Number of DFFs      	:	969
    Number of DFFs packed to IO	:	0
    Number of Carrys    	:	1285
    Number of RAMs      	:	0
    Number of ROMs      	:	0
    Number of IOs       	:	22
    Number of GBIOs     	:	1
    Number of GBs       	:	0
    Number of WarmBoot  	:	0
    Number of PLLs      	:	1


Phase 1
I2077: Start design legalization
W2216: SB_GB_IO 'CLK_pad' is assigned to a non-GB pin 'B2'. Replacing it with SB_IO 'CLK_pad' and SB_GB 'CLK_pad_gb'

Design Legalization Statistics
    Number of feedthru LUTs inserted to legalize input of DFFs     	:	10
    Number of feedthru LUTs inserted for LUTs driving multiple DFFs	:	0
    Number of LUTs replicated for LUTs driving multiple DFFs       	:	3
    Number of feedthru LUTs inserted to legalize output of CARRYs  	:	0
    Number of feedthru LUTs inserted to legalize global signals    	:	1
    Number of feedthru CARRYs inserted to legalize input of CARRYs 	:	0
    Number of inserted LUTs to Legalize IOs with PIN_TYPE= 01xxxx  	:	0
    Number of inserted LUTs to Legalize IOs with PIN_TYPE= 10xxxx  	:	0
    Number of inserted LUTs to Legalize IOs with PIN_TYPE= 11xxxx  	:	0
    Total LUTs inserted                                            	:	14
    Total CARRYs inserted                                          	:	0


I2078: Design legalization is completed successfully
I2088: Phase 1, elapsed time : 0.1 (sec)


Phase 2
I2088: Phase 2, elapsed time : 0.1 (sec)

Phase 3
Warning-1034: Found non-unate timing arc, from pin "in3" to pin "lcout" of instance "GB_BUFFER_CLK_c_THRU_LUT4_0_LC_4248", in the clock network. Converting the timing arc to positive-unate
Warning-1034: Found non-unate timing arc, from pin "PACKAGEPIN" to pin "DIN0" of instance "CLK_pad", in the clock network. Converting the timing arc to positive-unate
Info-1404: Inferred PLL generated clock at pll32MHz_inst.pll32MHz_inst/PLLOUTCORE
Info-1404: Inferred PLL generated clock at pll32MHz_inst.pll32MHz_inst/PLLOUTGLOBAL

Design Statistics after Packing
    Number of LUTs      	:	4250
    Number of DFFs      	:	960
    Number of DFFs packed to IO	:	9
    Number of Carrys    	:	1505

Device Utilization Summary after Packing
    Sequential LogicCells
        LUT and DFF      	:	679
        LUT, DFF and CARRY	:	281
    Combinational LogicCells
        Only LUT         	:	2305
        CARRY Only       	:	239
        LUT with CARRY   	:	985
    LogicCells                  :	4489/7680
    PLBs                        :	619/960
    BRAMs                       :	0/32
    IOs and GBIOs               :	23/63
    PLLs                        :	1/1


I2088: Phase 3, elapsed time : 13.8 (sec)

Phase 4
I2088: Phase 4, elapsed time : 0.3 (sec)

Phase 5
I2088: Phase 5, elapsed time : 34.9 (sec)

Phase 6
I2088: Phase 6, elapsed time : 327.5 (sec)

Final Design Statistics
    Number of LUTs      	:	4250
    Number of DFFs      	:	960
    Number of DFFs packed to IO	:	9
    Number of Carrys    	:	1505
    Number of RAMs      	:	0
    Number of ROMs      	:	0
    Number of IOs       	:	23
    Number of GBIOs     	:	0
    Number of GBs       	:	1
    Number of WarmBoot  	:	0
    Number of PLLs      	:	1

Device Utilization Summary
    LogicCells                  :	4489/7680
    PLBs                        :	726/960
    BRAMs                       :	0/32
    IOs and GBIOs               :	23/63
    PLLs                        :	1/1



#####################################################################
Placement Timing Summary

The timing summary is based on estimated routing delays after
placement. For final timing report, please carry out the timing
analysis after routing.
=====================================================================

#####################################################################
                     Clock Summary 
=====================================================================
Number of clocks: 3
Clock: CLK | Frequency: 66.28 MHz | Target: 16.00 MHz
Clock: pll32MHz_inst.pll32MHz_inst/PLLOUTCORE | Frequency: N/A | Target: 32.00 MHz
Clock: pll32MHz_inst.pll32MHz_inst/PLLOUTGLOBAL | Frequency: 4.07 MHz | Target: 32.00 MHz

=====================================================================
                     End of Clock Summary
#####################################################################

I2054: Placement of design completed successfully

I2076: Placer run-time: 378.4 sec.

placer succeed.
starting IPExporterrunning IPExporterIPExporter succeed.


"/home/letrend/lscc/iCEcube2.2017.08/sbt_backend/bin/linux/opt/packer" "/home/letrend/lscc/iCEcube2.2017.08/sbt_backend/devices/ICE40P08.dev" "/home/letrend/workspace/iceboard/software/motorBoard_v0.1/template_Implmnt/sbt/netlist/oadb-TinyFPGA_B" --package CM81 --outdir "/home/letrend/workspace/iceboard/software/motorBoard_v0.1/template_Implmnt/sbt/outputs/packer" --DRC_only  --translator "/home/letrend/lscc/iCEcube2.2017.08/sbt_backend/bin/sdc_translator.tcl" --src_sdc_file "/home/letrend/workspace/iceboard/software/motorBoard_v0.1/template_Implmnt/sbt/outputs/placer/TinyFPGA_B_pl.sdc" --dst_sdc_file "/home/letrend/workspace/iceboard/software/motorBoard_v0.1/template_Implmnt/sbt/outputs/packer/TinyFPGA_B_pk.sdc" --devicename iCE40LP8K
starting packerLattice Semiconductor Corporation  Packer
Release:        2017.08.27940
Build Date:     Sep 12 2017 08:02:57

Begin Packing...
running packerinitializing finish
Total HPWL cost is 20188
used logic cells: 4489
Design Rule Checking Succeeded

DRC Checker run-time: 1 (sec)
packer succeed.


"/home/letrend/lscc/iCEcube2.2017.08/sbt_backend/bin/linux/opt/packer" "/home/letrend/lscc/iCEcube2.2017.08/sbt_backend/devices/ICE40P08.dev" "/home/letrend/workspace/iceboard/software/motorBoard_v0.1/template_Implmnt/sbt/netlist/oadb-TinyFPGA_B" --package CM81 --outdir "/home/letrend/workspace/iceboard/software/motorBoard_v0.1/template_Implmnt/sbt/outputs/packer" --translator "/home/letrend/lscc/iCEcube2.2017.08/sbt_backend/bin/sdc_translator.tcl" --src_sdc_file "/home/letrend/workspace/iceboard/software/motorBoard_v0.1/template_Implmnt/sbt/outputs/placer/TinyFPGA_B_pl.sdc" --dst_sdc_file "/home/letrend/workspace/iceboard/software/motorBoard_v0.1/template_Implmnt/sbt/outputs/packer/TinyFPGA_B_pk.sdc" --devicename iCE40LP8K
starting packerrunning packerLattice Semiconductor Corporation  Packer
Release:        2017.08.27940
Build Date:     Sep 12 2017 08:02:57

Begin Packing...
initializing finish
Total HPWL cost is 20188
used logic cells: 4489
Translating sdc file /home/letrend/workspace/iceboard/software/motorBoard_v0.1/template_Implmnt/sbt/outputs/placer/TinyFPGA_B_pl.sdc...
Translated sdc file is /home/letrend/workspace/iceboard/software/motorBoard_v0.1/template_Implmnt/sbt/outputs/packer/TinyFPGA_B_pk.sdc
Packer succeeded

Packer run-time: 4 (sec)
packer succeed.


"/home/letrend/lscc/iCEcube2.2017.08/sbt_backend/bin/linux/opt/sbrouter" "/home/letrend/lscc/iCEcube2.2017.08/sbt_backend/devices/ICE40P08.dev" "/home/letrend/workspace/iceboard/software/motorBoard_v0.1/template_Implmnt/sbt/netlist/oadb-TinyFPGA_B" "/home/letrend/lscc/iCEcube2.2017.08/sbt_backend/devices/ice40LP8K.lib" "/home/letrend/workspace/iceboard/software/motorBoard_v0.1/template_Implmnt/sbt/outputs/packer/TinyFPGA_B_pk.sdc" --outdir "/home/letrend/workspace/iceboard/software/motorBoard_v0.1/template_Implmnt/sbt/outputs/router" --sdf_file "/home/letrend/workspace/iceboard/software/motorBoard_v0.1/template_Implmnt/sbt/outputs/simulation_netlist/TinyFPGA_B_sbt.sdf" --pin_permutation
starting routerrunning routerSJRouter....
Executing : /home/letrend/lscc/iCEcube2.2017.08/sbt_backend/bin/linux/opt/sbrouter /home/letrend/lscc/iCEcube2.2017.08/sbt_backend/devices/ICE40P08.dev /home/letrend/workspace/iceboard/software/motorBoard_v0.1/template_Implmnt/sbt/netlist/oadb-TinyFPGA_B /home/letrend/lscc/iCEcube2.2017.08/sbt_backend/devices/ice40LP8K.lib /home/letrend/workspace/iceboard/software/motorBoard_v0.1/template_Implmnt/sbt/outputs/packer/TinyFPGA_B_pk.sdc --outdir /home/letrend/workspace/iceboard/software/motorBoard_v0.1/template_Implmnt/sbt/outputs/router --sdf_file /home/letrend/workspace/iceboard/software/motorBoard_v0.1/template_Implmnt/sbt/outputs/simulation_netlist/TinyFPGA_B_sbt.sdf --pin_permutation 
Lattice Semiconductor Corporation  Router
Release:        2017.08.27940
Build Date:     Sep 12 2017 08:09:33

I1203: Reading Design TinyFPGA_B
Read design time: 0
I1202: Reading Architecture of device iCE40LP8K
Info-1404: Inferred PLL generated clock at pll32MHz_inst.pll32MHz_inst/PLLOUTCORE
Info-1404: Inferred PLL generated clock at pll32MHz_inst.pll32MHz_inst/PLLOUTGLOBAL
Read device time: 22
I1209: Started routing
I1223: Total Nets : 5747 
I1212: Iteration  1 :  1889 unrouted : 13 seconds
I1212: Iteration  2 :   698 unrouted : 7 seconds
I1212: Iteration  3 :   451 unrouted : 2 seconds
I1212: Iteration  4 :   368 unrouted : 1 seconds
I1212: Iteration  5 :   306 unrouted : 1 seconds
I1212: Iteration  6 :   249 unrouted : 0 seconds
I1212: Iteration  7 :   178 unrouted : 0 seconds
I1212: Iteration  8 :   123 unrouted : 1 seconds
I1212: Iteration  9 :    62 unrouted : 0 seconds
I1212: Iteration 10 :    56 unrouted : 0 seconds
I1212: Iteration 11 :    50 unrouted : 0 seconds
I1212: Iteration 12 :    42 unrouted : 0 seconds
I1212: Iteration 13 :    20 unrouted : 0 seconds
I1212: Iteration 14 :     4 unrouted : 0 seconds
I1212: Iteration 15 :     2 unrouted : 1 seconds
I1212: Iteration 16 :     2 unrouted : 0 seconds
I1212: Iteration 17 :     2 unrouted : 0 seconds
I1212: Iteration 18 :     0 unrouted : 0 seconds
I1215: Routing is successful
Routing time: 27
I1206: Completed routing
I1204: Writing Design TinyFPGA_B
Lib Closed
I1210: Writing routes
I1218: Exiting the router
I1224: Router run-time : 52 seconds
 total           386160K
router succeed.

"/home/letrend/lscc/iCEcube2.2017.08/sbt_backend/bin/linux/opt/netlister" --verilog "/home/letrend/workspace/iceboard/software/motorBoard_v0.1/template_Implmnt/sbt/outputs/simulation_netlist/TinyFPGA_B_sbt.v" --vhdl "/home/letrend/workspace/iceboard/software/motorBoard_v0.1/template_Implmnt/sbt/outputs/simulation_netlist/TinyFPGA_B_sbt.vhd" --lib "/home/letrend/workspace/iceboard/software/motorBoard_v0.1/template_Implmnt/sbt/netlist/oadb-TinyFPGA_B" --view rt --device "/home/letrend/lscc/iCEcube2.2017.08/sbt_backend/devices/ICE40P08.dev" --splitio  --in-sdc-file "/home/letrend/workspace/iceboard/software/motorBoard_v0.1/template_Implmnt/sbt/outputs/packer/TinyFPGA_B_pk.sdc" --out-sdc-file "/home/letrend/workspace/iceboard/software/motorBoard_v0.1/template_Implmnt/sbt/outputs/netlister/TinyFPGA_B_sbt.sdc"
starting netlistLattice Semiconductor Corporation  Verilog & VHDL Netlister
Release:        2017.08.27940
Build Date:     Sep 12 2017 08:25:37

running netlistGenerating Verilog & VHDL netlist files ...
Writing /home/letrend/workspace/iceboard/software/motorBoard_v0.1/template_Implmnt/sbt/outputs/simulation_netlist/TinyFPGA_B_sbt.v
Writing /home/letrend/workspace/iceboard/software/motorBoard_v0.1/template_Implmnt/sbt/outputs/simulation_netlist/TinyFPGA_B_sbt.vhd
Netlister succeeded.

Netlister run-time: 34 (sec)
netlist succeed.


"/home/letrend/lscc/iCEcube2.2017.08/sbt_backend/bin/linux/opt/sbtimer" --des-lib "/home/letrend/workspace/iceboard/software/motorBoard_v0.1/template_Implmnt/sbt/netlist/oadb-TinyFPGA_B" --lib-file "/home/letrend/lscc/iCEcube2.2017.08/sbt_backend/devices/ice40LP8K.lib" --sdc-file "/home/letrend/workspace/iceboard/software/motorBoard_v0.1/template_Implmnt/sbt/outputs/netlister/TinyFPGA_B_sbt.sdc" --sdf-file "/home/letrend/workspace/iceboard/software/motorBoard_v0.1/template_Implmnt/sbt/outputs/simulation_netlist/TinyFPGA_B_sbt.sdf" --report-file "/home/letrend/workspace/iceboard/software/motorBoard_v0.1/template_Implmnt/sbt/outputs/timer/TinyFPGA_B_timing.rpt" --device-file "/home/letrend/lscc/iCEcube2.2017.08/sbt_backend/devices/ICE40P08.dev" --timing-summary
starting timerExecuting : /home/letrend/lscc/iCEcube2.2017.08/sbt_backend/bin/linux/opt/sbtimer --des-lib /home/letrend/workspace/iceboard/software/motorBoard_v0.1/template_Implmnt/sbt/netlist/oadb-TinyFPGA_B --lib-file /home/letrend/lscc/iCEcube2.2017.08/sbt_backend/devices/ice40LP8K.lib --sdc-file /home/letrend/workspace/iceboard/software/motorBoard_v0.1/template_Implmnt/sbt/outputs/netlister/TinyFPGA_B_sbt.sdc --sdf-file /home/letrend/workspace/iceboard/software/motorBoard_v0.1/template_Implmnt/sbt/outputs/simulation_netlist/TinyFPGA_B_sbt.sdf --report-file /home/letrend/workspace/iceboard/software/motorBoard_v0.1/template_Implmnt/sbt/outputs/timer/TinyFPGA_B_timing.rpt --device-file /home/letrend/lscc/iCEcube2.2017.08/sbt_backend/devices/ICE40P08.dev --timing-summary
Lattice Semiconductor Corporation  Timer
Release:        2017.08.27940
Build Date:     Sep 12 2017 08:08:07

running timerWarning-1034: Found non-unate timing arc, from pin "PADIN" to pin "DIN0" of instance "CLK_pad_preio", in the clock network. Converting the timing arc to positive-unate
Info-1404: Inferred PLL generated clock at pll32MHz_inst.pll32MHz_inst/PLLOUTGLOBAL
Info-1404: Inferred PLL generated clock at pll32MHz_inst.pll32MHz_inst/PLLOUTCORE
Timer run-time: 29 seconds
timer succeed.
timer succeeded.


"/home/letrend/lscc/iCEcube2.2017.08/sbt_backend/bin/linux/opt/bitmap" "/home/letrend/lscc/iCEcube2.2017.08/sbt_backend/devices/ICE40P08.dev" --design "/home/letrend/workspace/iceboard/software/motorBoard_v0.1/template_Implmnt/sbt/netlist/oadb-TinyFPGA_B" --device_name iCE40LP8K --package CM81 --outdir "/home/letrend/workspace/iceboard/software/motorBoard_v0.1/template_Implmnt/sbt/outputs/bitmap" --low_power on --init_ram on --init_ram_bank 1111 --frequency low --warm_boot on
starting bitmapLattice Semiconductor Corporation  Bit Stream Generator
Release:        2017.08.27940
Build Date:     Sep 12 2017 08:24:49

running bitmapBit Stream File Size: 1080760 (1M 31K 440 Bits)
Bit Stream Generator succeeded

Bitmap run-time: 7 (sec)
bitmap succeed.
/home/letrend/lscc/iCEcube2.2017.08/LSE/bin/lin64/synthesis -f "template_lse.prj"
starting Synthesisrunning SynthesisCopyright (c) 1991-1994 by NeoCAD Inc. All rights reserved.
Copyright (c) 1995 AT&T Corp.   All rights reserved.
Copyright (c) 1995-2001 Lucent Technologies Inc.  All rights reserved.
Copyright (c) 2001 Agere Systems   All rights reserved.
Copyright (c) 2002-2015 Lattice Semiconductor Corporation,  All rights reserved.
Thu Jan 23 14:32:18 2020


Command Line:  /home/letrend/lscc/iCEcube2.2017.08/LSE/bin/lin64/synthesis -f template_lse.prj 

INFO - synthesis: Lattice Synthesis Engine Launched.
Synthesis options:
The -a option is SBTiCE40.
The -t option is CM81.
The -d option is iCE40LP8K.
                                                          

##########################################################

### Lattice Family : SBTiCE40

### Device  : iCE40LP8K

### Package : CM81

### Number of Logic Cells: 7680

### Number of RAM4k Blocks: 32

### Number of DSP Blocks: 0

### Number of PLLs: 2

### Number of IO Pins: 178

##########################################################

                                                          

Optimization goal = Area
Top-level module name = TinyFPGA_B.
Target frequency = 16.000000 MHz.
Maximum fanout = 10000.
Timing path count = 3
RWCheckOnRam = 0

BRAM utilization = 100.000000 %
DSP usage = true (default)
DSP utilization = 100 % (default)
fsm_encoding_style = auto
resolve_mixed_drivers = 0
fix_gated_clocks = 1

Mux style = auto (Default)
Use Carry Chain = true
carry_chain_length = 0
Loop Limit = 1950.
Use IO Insertion = TRUE
Use IO Reg = AUTO

Resource Sharing = TRUE
Propagate Constants = TRUE
Remove Duplicate Registers = TRUE
Output EDIF file name = template_Implmnt/template.edf.
WARNING - synthesis: Option -force_gsr will be set to false when option -output_edif/-ngo are set
ROM style = auto
RAM style = auto
The -comp option is FALSE.
The -syn option is FALSE.
-p /home/letrend/workspace/iceboard/software/motorBoard_v0.1 (searchpath added)
Mixed language design
Verilog design file = verilog/TinyFPGA_B.v
Verilog design file = verilog/uart_rx.v
Verilog design file = verilog/uart_tx.v
Verilog design file = verilog/coms.v
Verilog design file = verilog/motorControl.v
Verilog design file = quad.v
Verilog design file = verilog/pll32MHz.v
Verilog design file = verilog/neopixel.v
VHDL library = work
VHDL design file = vhdl/spi_master_slave/trunk/rtl/spi_master_slave/spi_master.vhd
VHDL library = work
VHDL design file = vhdl/spi_master_slave/trunk/rtl/spi_master_slave/grp_debouncer.vhd
VHDL library = work
VHDL design file = vhdl/pwm.vhd
-sdc option: SDC file input is constraints/clk.sdc.
-vh2008

Technology check ok...

Analyzing Verilog file /home/letrend/lscc/iCEcube2.2017.08/LSE/userware/unix/SYNTHESIS_HEADERS/machxo2.v. VERI-1482
Analyzing Verilog file /home/letrend/lscc/iCEcube2.2017.08/LSE/userware/unix/SYNTHESIS_HEADERS/sb_ice40.v. VERI-1482
Compile design.
Compile Design Begin
WARNING - synthesis: /home/letrend/lscc/iCEcube2.2017.08/LSE/userware/unix/SYNTHESIS_HEADERS/sb_ice40.v(79): assignment to input EVERI-1214
WARNING - synthesis: /home/letrend/lscc/iCEcube2.2017.08/LSE/userware/unix/SYNTHESIS_HEADERS/sb_ice40.v(88): assignment to input EVERI-1214
WARNING - synthesis: /home/letrend/lscc/iCEcube2.2017.08/LSE/userware/unix/SYNTHESIS_HEADERS/sb_ice40.v(98): assignment to input EVERI-1214
WARNING - synthesis: /home/letrend/lscc/iCEcube2.2017.08/LSE/userware/unix/SYNTHESIS_HEADERS/sb_ice40.v(108): assignment to input EVERI-1214
WARNING - synthesis: /home/letrend/lscc/iCEcube2.2017.08/LSE/userware/unix/SYNTHESIS_HEADERS/sb_ice40.v(118): assignment to input EVERI-1214
WARNING - synthesis: /home/letrend/lscc/iCEcube2.2017.08/LSE/userware/unix/SYNTHESIS_HEADERS/sb_ice40.v(170): assignment to input EVERI-1214
WARNING - synthesis: /home/letrend/lscc/iCEcube2.2017.08/LSE/userware/unix/SYNTHESIS_HEADERS/sb_ice40.v(179): assignment to input EVERI-1214
WARNING - synthesis: /home/letrend/lscc/iCEcube2.2017.08/LSE/userware/unix/SYNTHESIS_HEADERS/sb_ice40.v(189): assignment to input EVERI-1214
WARNING - synthesis: /home/letrend/lscc/iCEcube2.2017.08/LSE/userware/unix/SYNTHESIS_HEADERS/sb_ice40.v(199): assignment to input EVERI-1214
WARNING - synthesis: /home/letrend/lscc/iCEcube2.2017.08/LSE/userware/unix/SYNTHESIS_HEADERS/sb_ice40.v(209): assignment to input EVERI-1214
WARNING - synthesis: /home/letrend/lscc/iCEcube2.2017.08/LSE/userware/unix/SYNTHESIS_HEADERS/sb_ice40.v(3725): empty port in module declaration. VERI-1294
Analyzing Verilog file verilog/TinyFPGA_B.v. VERI-1482
Analyzing Verilog file verilog/uart_rx.v. VERI-1482
Analyzing Verilog file verilog/uart_tx.v. VERI-1482
Analyzing Verilog file verilog/coms.v. VERI-1482
Analyzing Verilog file verilog/motorControl.v. VERI-1482
Analyzing Verilog file quad.v. VERI-1482
Analyzing Verilog file verilog/pll32MHz.v. VERI-1482
Analyzing Verilog file verilog/neopixel.v. VERI-1482
WARNING - synthesis: verilog/neopixel.v(16): keyword 'unsigned' is not allowed here in this mode of verilog. VERI-1411
WARNING - synthesis: verilog/neopixel.v(17): keyword 'unsigned' is not allowed here in this mode of verilog. VERI-1411
Analyzing VHDL file vhdl/spi_master_slave/trunk/rtl/spi_master_slave/spi_master.vhd. VHDL-1481
INFO - synthesis: vhdl/spi_master_slave/trunk/rtl/spi_master_slave/spi_master.vhd(173): analyzing entity spi_master. VHDL-1012
INFO - synthesis: vhdl/spi_master_slave/trunk/rtl/spi_master_slave/spi_master.vhd(215): analyzing architecture rtl. VHDL-1010
Analyzing VHDL file vhdl/spi_master_slave/trunk/rtl/spi_master_slave/grp_debouncer.vhd. VHDL-1481
INFO - synthesis: vhdl/spi_master_slave/trunk/rtl/spi_master_slave/grp_debouncer.vhd(128): analyzing entity grp_debouncer. VHDL-1012
INFO - synthesis: vhdl/spi_master_slave/trunk/rtl/spi_master_slave/grp_debouncer.vhd(140): analyzing architecture rtl. VHDL-1010
Analyzing VHDL file vhdl/pwm.vhd. VHDL-1481
INFO - synthesis: vhdl/pwm.vhd(30): analyzing entity pwm. VHDL-1012
INFO - synthesis: vhdl/pwm.vhd(46): analyzing architecture logic. VHDL-1010
INFO - synthesis: The default VHDL library search path is now "/home/letrend/workspace/iceboard/software/motorBoard_v0.1". VHDL-1504
Top module language type = Verilog.
Top module name (Verilog, mixed language): TinyFPGA_B
INFO - synthesis: verilog/TinyFPGA_B.v(2): compiling module TinyFPGA_B. VERI-1018
INFO - synthesis: verilog/pll32MHz.v(1): compiling module pll32MHz. VERI-1018
INFO - synthesis: /home/letrend/lscc/iCEcube2.2017.08/LSE/userware/unix/SYNTHESIS_HEADERS/sb_ice40.v(699): compiling module SB_PLL40_CORE(FEEDBACK_PATH="PHASE_AND_DELAY",FDA_FEEDBACK=4'b0,FDA_RELATIVE=4'b0,PLLOUT_SELECT="SHIFTREG_0deg",DIVF=7'b01,DIVQ=3'b011,FILTER_RANGE=3'b01). VERI-1018
WARNING - synthesis: verilog/pll32MHz.v(22): input port EXTFEEDBACK is not connected on this instance. VDB-1013
INFO - synthesis: verilog/neopixel.v(1): compiling module neopixel. VERI-1018
WARNING - synthesis: verilog/neopixel.v(39): expression size 32 truncated to fit in target size 4. VERI-1209
INFO - synthesis: /home/letrend/lscc/iCEcube2.2017.08/LSE/userware/unix/SYNTHESIS_HEADERS/sb_ice40.v(502): compiling module SB_IO(PIN_TYPE=6'b01,PULLUP=1'b1). VERI-1018
INFO - synthesis: verilog/TinyFPGA_B.v(96): going to vhdl side to elaborate module pwm. VERI-1231
vhdl/pwm.vhd(30): executing pwm(32000000,20000,32000000,23,1)(logic)

INFO - synthesis: verilog/TinyFPGA_B.v(96): back to verilog to continue elaboration. VERI-1232
WARNING - synthesis: verilog/TinyFPGA_B.v(105): expression size 24 truncated to fit in target size 23. VERI-1209
WARNING - synthesis: verilog/TinyFPGA_B.v(108): expression size 24 truncated to fit in target size 23. VERI-1209
INFO - synthesis: /home/letrend/lscc/iCEcube2.2017.08/LSE/userware/unix/SYNTHESIS_HEADERS/sb_ice40.v(502): compiling module SB_IO(PIN_TYPE=6'b101001,PULLUP=1'b1). VERI-1018
INFO - synthesis: verilog/coms.v(1): compiling module coms. VERI-1018
INFO - synthesis: verilog/uart_rx.v(14): compiling module uart_rx. VERI-1018
WARNING - synthesis: verilog/uart_rx.v(80): expression size 32 truncated to fit in target size 8. VERI-1209
WARNING - synthesis: verilog/uart_rx.v(91): expression size 32 truncated to fit in target size 8. VERI-1209
WARNING - synthesis: verilog/uart_rx.v(102): expression size 32 truncated to fit in target size 3. VERI-1209
WARNING - synthesis: verilog/uart_rx.v(120): expression size 32 truncated to fit in target size 8. VERI-1209
INFO - synthesis: verilog/uart_tx.v(14): compiling module uart_tx. VERI-1018
WARNING - synthesis: verilog/uart_tx.v(70): expression size 32 truncated to fit in target size 9. VERI-1209
WARNING - synthesis: verilog/uart_tx.v(88): expression size 32 truncated to fit in target size 9. VERI-1209
WARNING - synthesis: verilog/uart_tx.v(98): expression size 32 truncated to fit in target size 3. VERI-1209
WARNING - synthesis: verilog/uart_tx.v(118): expression size 32 truncated to fit in target size 9. VERI-1209
WARNING - synthesis: verilog/coms.v(126): expression size 26 truncated to fit in target size 24. VERI-1209
WARNING - synthesis: verilog/coms.v(215): expression size 32 truncated to fit in target size 8. VERI-1209
WARNING - synthesis: verilog/TinyFPGA_B.v(170): expression size 32 truncated to fit in target size 24. VERI-1209
INFO - synthesis: verilog/motorControl.v(1): compiling module motorControl. VERI-1018
INFO - synthesis: quad.v(3): compiling module quad(DEBOUNCE_TICKS=100). VERI-1018
INFO - synthesis: quad.v(19): going to vhdl side to elaborate module grp_debouncer. VERI-1231
vhdl/spi_master_slave/trunk/rtl/spi_master_slave/grp_debouncer.vhd(128): executing grp_debouncer(2,100)(rtl)

INFO - synthesis: quad.v(19): back to verilog to continue elaboration. VERI-1232
WARNING - synthesis: quad.v(39): expression size 32 truncated to fit in target size 24. VERI-1209
WARNING - synthesis: quad.v(39): expression size 32 truncated to fit in target size 24. VERI-1209
INFO - synthesis: verilog/TinyFPGA_B.v(242): going to vhdl side to elaborate module spi_master. VERI-1231
vhdl/spi_master_slave/trunk/rtl/spi_master_slave/spi_master.vhd(173): executing spi_master(16,'U','X',2,16)(rtl)

INFO - synthesis: vhdl/spi_master_slave/trunk/rtl/spi_master_slave/spi_master.vhd(289): Found User declared VHDL assert of type Failure: "Generic parameter 'N' (shift register size) needs to be 8 bits minimum". VHDL-1700
INFO - synthesis: vhdl/spi_master_slave/trunk/rtl/spi_master_slave/spi_master.vhd(293): Found User declared VHDL assert of type Failure: "Generic parameter 'PREFETCH' (lookahead count) needs to be 1 minimum". VHDL-1700
INFO - synthesis: vhdl/spi_master_slave/trunk/rtl/spi_master_slave/spi_master.vhd(297): Found User declared VHDL assert of type Failure: "Generic parameter 'PREFETCH' (lookahead count) out of range, needs to be N-5 maximum". VHDL-1700
INFO - synthesis: vhdl/spi_master_slave/trunk/rtl/spi_master_slave/spi_master.vhd(301): Found User declared VHDL assert of type Failure: "Generic parameter 'SPI_2X_CLK_DIV' must not be zero". VHDL-1700
WARNING - synthesis: vhdl/spi_master_slave/trunk/rtl/spi_master_slave/spi_master.vhd(223): net spi_clk does not have a driver. VDB-1002
WARNING - synthesis: vhdl/spi_master_slave/trunk/rtl/spi_master_slave/spi_master.vhd(226): net fsm_ce does not have a driver. VDB-1002
WARNING - synthesis: vhdl/spi_master_slave/trunk/rtl/spi_master_slave/spi_master.vhd(228): net samp_ce does not have a driver. VDB-1002
INFO - synthesis: verilog/TinyFPGA_B.v(242): back to verilog to continue elaboration. VERI-1232
WARNING - synthesis: verilog/TinyFPGA_B.v(111): Register enable_41 is stuck at One. VDB-5014
WARNING - synthesis: verilog/TinyFPGA_B.v(60): input port LATCH_INPUT_VALUE is not connected on this instance. VDB-1013
WARNING - synthesis: verilog/TinyFPGA_B.v(68): input port LATCH_INPUT_VALUE is not connected on this instance. VDB-1013
WARNING - synthesis: verilog/TinyFPGA_B.v(76): input port LATCH_INPUT_VALUE is not connected on this instance. VDB-1013
WARNING - synthesis: verilog/TinyFPGA_B.v(122): input port LATCH_INPUT_VALUE is not connected on this instance. VDB-1013
WARNING - synthesis: verilog/TinyFPGA_B.v(242): input port di_i[15] is not connected on this instance. VDB-1013
Loading NGL library '/home/letrend/lscc/iCEcube2.2017.08/LSE/xo2c00/data/xo2clib.ngl'...
Loading NGL library '/home/letrend/lscc/iCEcube2.2017.08/LSE/or5g00/data/orc5glib.ngl'...
Top-level module name = TinyFPGA_B.
WARNING - synthesis: Initial value found on net dat_strb will be ignored due to unrecognized driver type
WARNING - synthesis: Initial value found on net strb_next will be ignored due to unrecognized driver type
WARNING - synthesis: Initial value found on net dat_diff will be ignored due to unrecognized driver type
WARNING - synthesis: Initial value found on net cnt_next[6] will be ignored due to unrecognized driver type
WARNING - synthesis: Initial value found on net cnt_next[5] will be ignored due to unrecognized driver type
WARNING - synthesis: Initial value found on net cnt_next[4] will be ignored due to unrecognized driver type
WARNING - synthesis: Initial value found on net cnt_next[3] will be ignored due to unrecognized driver type
WARNING - synthesis: Initial value found on net cnt_next[2] will be ignored due to unrecognized driver type
WARNING - synthesis: Initial value found on net cnt_next[1] will be ignored due to unrecognized driver type
WARNING - synthesis: Initial value found on net cnt_next[0] will be ignored due to unrecognized driver type
WARNING - synthesis: Initial value found on net state_next[4] will be ignored due to unrecognized driver type
WARNING - synthesis: Initial value found on net state_next[3] will be ignored due to unrecognized driver type
WARNING - synthesis: Initial value found on net state_next[2] will be ignored due to unrecognized driver type
WARNING - synthesis: Initial value found on net state_next[1] will be ignored due to unrecognized driver type
WARNING - synthesis: Initial value found on net state_next[0] will be ignored due to unrecognized driver type
WARNING - synthesis: Initial value found on net wr_ack_next will be ignored due to unrecognized driver type
WARNING - synthesis: Initial value found on net ssel_ena_next will be ignored due to unrecognized driver type
WARNING - synthesis: Initial value found on net do_transfer_next will be ignored due to unrecognized driver type
WARNING - synthesis: Initial value found on net di_req_next will be ignored due to unrecognized driver type
WARNING - synthesis: Initial value found on net do_valid_next will be ignored due to unrecognized driver type
WARNING - synthesis: Initial value found on net di_req_o_next will be ignored due to unrecognized driver type
WARNING - synthesis: verilog/TinyFPGA_B.v(60): input port LATCH_INPUT_VALUE is not connected on this instance. VDB-1013
WARNING - synthesis: verilog/TinyFPGA_B.v(68): input port LATCH_INPUT_VALUE is not connected on this instance. VDB-1013
WARNING - synthesis: verilog/TinyFPGA_B.v(76): input port LATCH_INPUT_VALUE is not connected on this instance. VDB-1013
WARNING - synthesis: verilog/TinyFPGA_B.v(122): input port LATCH_INPUT_VALUE is not connected on this instance. VDB-1013
WARNING - synthesis: verilog/TinyFPGA_B.v(242): input port di_i[15] is not connected on this instance. VDB-1013
WARNING - synthesis: verilog/pll32MHz.v(22): input port EXTFEEDBACK is not connected on this instance. VDB-1013
WARNING - synthesis: vhdl/spi_master_slave/trunk/rtl/spi_master_slave/spi_master.vhd(223): net spi_clk does not have a driver. VDB-1002
WARNING - synthesis: vhdl/spi_master_slave/trunk/rtl/spi_master_slave/spi_master.vhd(226): net fsm_ce does not have a driver. VDB-1002
WARNING - synthesis: vhdl/spi_master_slave/trunk/rtl/spi_master_slave/spi_master.vhd(228): net samp_ce does not have a driver. VDB-1002
######## Converting I/O port SDA to input.
WARNING - synthesis: vhdl/spi_master_slave/trunk/rtl/spi_master_slave/spi_master.vhd(191): net \spi/di_i[15] does not have a driver. VDB-1002
######## Missing driver on net SCL. Patching with GND.
######## Missing driver on net \spi/di_i[15]. Patching with GND.
######## Missing driver on net \spi/di_i[14]. Patching with GND.
######## Missing driver on net \spi/di_i[13]. Patching with GND.
######## Missing driver on net \spi/di_i[12]. Patching with GND.
######## Missing driver on net \spi/di_i[11]. Patching with GND.
######## Missing driver on net \spi/di_i[10]. Patching with GND.
######## Missing driver on net \spi/di_i[9]. Patching with GND.
######## Missing driver on net \spi/di_i[8]. Patching with GND.
######## Missing driver on net \spi/di_i[7]. Patching with GND.
######## Missing driver on net \spi/di_i[6]. Patching with GND.
######## Missing driver on net \spi/di_i[5]. Patching with GND.
######## Missing driver on net \spi/di_i[4]. Patching with GND.
######## Missing driver on net \spi/di_i[3]. Patching with GND.
######## Missing driver on net \spi/di_i[2]. Patching with GND.
######## Missing driver on net \spi/di_i[1]. Patching with GND.
######## Missing driver on net \spi/di_i[0]. Patching with GND.
######## Missing driver on net \spi/spi_clk. Patching with GND.
######## Missing driver on net \spi/fsm_ce. Patching with GND.
######## Missing driver on net \spi/samp_ce. Patching with GND.
WARNING - synthesis: vhdl/spi_master_slave/trunk/rtl/spi_master_slave/spi_master.vhd(403): Register \spi/rx_bit_reg_104 is stuck at Zero. VDB-5013
WARNING - synthesis: Bit 0 of Register \spi/di_reg is stuck at Zero
WARNING - synthesis: Bit 1 of Register \spi/di_reg is stuck at Zero
WARNING - synthesis: Bit 2 of Register \spi/di_reg is stuck at Zero
WARNING - synthesis: Bit 3 of Register \spi/di_reg is stuck at Zero
WARNING - synthesis: Bit 4 of Register \spi/di_reg is stuck at Zero
WARNING - synthesis: Bit 5 of Register \spi/di_reg is stuck at Zero
WARNING - synthesis: Bit 6 of Register \spi/di_reg is stuck at Zero
WARNING - synthesis: Bit 7 of Register \spi/di_reg is stuck at Zero
WARNING - synthesis: Bit 8 of Register \spi/di_reg is stuck at Zero
WARNING - synthesis: Bit 9 of Register \spi/di_reg is stuck at Zero
WARNING - synthesis: Bit 10 of Register \spi/di_reg is stuck at Zero
WARNING - synthesis: Bit 11 of Register \spi/di_reg is stuck at Zero
WARNING - synthesis: Bit 12 of Register \spi/di_reg is stuck at Zero
WARNING - synthesis: Bit 13 of Register \spi/di_reg is stuck at Zero
WARNING - synthesis: Bit 14 of Register \spi/di_reg is stuck at Zero
WARNING - synthesis: Bit 15 of Register \spi/di_reg is stuck at Zero
WARNING - synthesis: vhdl/spi_master_slave/trunk/rtl/spi_master_slave/spi_master.vhd(478): Register \spi/ssel_ena_reg_119 is stuck at Zero. VDB-5013
WARNING - synthesis: vhdl/spi_master_slave/trunk/rtl/spi_master_slave/spi_master.vhd(599): Register \spi/spi_clk_reg_125 is stuck at Zero. VDB-5013
WARNING - synthesis: vhdl/spi_master_slave/trunk/rtl/spi_master_slave/spi_master.vhd(451): Register \spi/wren_116 is stuck at One. VDB-5014



WARNING - synthesis: Bit 0 of Register \PWM/half_duty_new is stuck at Zero
WARNING - synthesis: Bit 1 of Register \PWM/half_duty_new is stuck at Zero
WARNING - synthesis: Bit 0 of Register \PWM/half_duty[0] is stuck at Zero
WARNING - synthesis: Bit 1 of Register \PWM/half_duty[0] is stuck at Zero
WARNING - synthesis: Skipping pad insertion on TX due to black_box_pad_pin attribute.
WARNING - synthesis: Skipping pad insertion on HALL1 due to black_box_pad_pin attribute.
WARNING - synthesis: Skipping pad insertion on HALL2 due to black_box_pad_pin attribute.
WARNING - synthesis: Skipping pad insertion on HALL3 due to black_box_pad_pin attribute.
WARNING - synthesis: verilog/coms.v(300): Register \neopxl_color_23__I_0/Kp_i16 is stuck at Zero. VDB-5013
WARNING - synthesis: verilog/TinyFPGA_B.v(225): Register current_i0_i0 is stuck at Zero. VDB-5013
WARNING - synthesis: verilog/neopixel.v(117): Register \nx/state_i2 is stuck at Zero. VDB-5013
WARNING - synthesis: verilog/coms.v(300): Register \neopxl_color_23__I_0/data_out_frame[0]__i3 is stuck at One. VDB-5014
Writing scf file : template_Implmnt/template.scf

Writing scf file : template_Implmnt/template.scf

Writing scf file : template_Implmnt/template.scf

Writing scf file : template_Implmnt/template.scf

Writing scf file : template_Implmnt/template.scf

Results of NGD DRC are available in TinyFPGA_B_drc.log.

################### Begin Area Report (TinyFPGA_B)######################
Number of register bits => 969 of 7680 (12 % )
SB_CARRY => 1285
SB_DFF => 687
SB_DFFE => 125
SB_DFFESR => 75
SB_DFFESS => 1
SB_DFFSR => 20
SB_DFFSS => 61
SB_GB_IO => 1
SB_IO => 22
SB_LUT4 => 4235
SB_PLL40_CORE => 1
################### End Area Report ##################

################### Begin Clock Report ######################
Clock Nets
Number of Clocks: 2
  Net : pll32MHz_inst/clk32MHz, loads : 949
  Net : CLK_c, loads : 30
Clock Enable Nets
Number of Clock Enables: 0
Top 0 highest fanout Clock Enables:
Highest fanout non-clock nets
Top 10 highest fanout non-clock nets:
  Net : neopxl_color_23__I_0/n11643, loads : 151
  Net : neopxl_color_23__I_0/byte_transmit_counter_0, loads : 75
  Net : neopxl_color_23__I_0/byte_transmit_counter_1, loads : 66
  Net : neopxl_color_23__I_0/n27578, loads : 56
  Net : neopxl_color_23__I_0/n27597, loads : 56
  Net : neopxl_color_23__I_0/n4725, loads : 55
  Net : nx/n3116, loads : 52
  Net : nx/n3017, loads : 50
  Net : neopxl_color_23__I_0/control_mode_0, loads : 49
  Net : nx/n2918, loads : 48
################### End Clock Report ##################

Timing Report Summary
--------------
--------------------------------------------------------------------------------
Constraint                              |   Constraint|       Actual|Levels
--------------------------------------------------------------------------------
                                        |             |             |
create_clock -period 62.500000 -name    |             |             |
clk500 [get_nets clk32MHz]              |            -|            -|     0  
                                        |             |             |
create_clock -period 62.500000          |             |             |
-waveform { 0.000000 31.250000 } -name  |             |             |
CLK [ get_ports { CLK } ]               |   16.000 MHz|   40.586 MHz|    16  
                                        |             |             |
--------------------------------------------------------------------------------


All constraints were met.


Peak Memory Usage: 255.590  MB

--------------------------------------------------------------
Elapsed CPU time for LSE flow : 16.018  secs
--------------------------------------------------------------
Current Implementation template_Implmnt its sbt path: /home/letrend/workspace/iceboard/software/motorBoard_v0.1/template_Implmnt/sbt
Synthesis succeed.
Synthesis succeeded.
Synthesis runtime 16 seconds


"/home/letrend/lscc/iCEcube2.2017.08/sbt_backend/bin/linux/opt/edifparser" "/home/letrend/lscc/iCEcube2.2017.08/sbt_backend/devices/ICE40P08.dev" "/home/letrend/workspace/iceboard/software/motorBoard_v0.1/template_Implmnt/template.edf " "/home/letrend/workspace/iceboard/software/motorBoard_v0.1/template_Implmnt/sbt/netlist" "-pCM81" "-y/home/letrend/workspace/iceboard/software/motorBoard_v0.1/constraints/pins.pcf " "-s/home/letrend/workspace/iceboard/software/motorBoard_v0.1/constraints/clk.sdc " -c --devicename iCE40LP8K
starting edif parserrunning edif parserLattice Semiconductor Corporation  Edif Parser
Release:        2017.08.27940
Build Date:     Sep 12 2017 08:01:35

Parsing edif file: /home/letrend/workspace/iceboard/software/motorBoard_v0.1/template_Implmnt/template.edf...
Parsing constraint file: /home/letrend/workspace/iceboard/software/motorBoard_v0.1/constraints/pins.pcf...
start to read sdc/scf file /home/letrend/workspace/iceboard/software/motorBoard_v0.1/template_Implmnt/template.scf
sdc_reader OK /home/letrend/workspace/iceboard/software/motorBoard_v0.1/template_Implmnt/template.scf
start to read sdc/scf file /home/letrend/workspace/iceboard/software/motorBoard_v0.1/constraints/clk.sdc
Warning: Found double defined(create_clock) at CLK. Using latest one and ignore previous one
	Ignored create_clock  -period 62.50  -waveform {0.00 31.25}  -name {CLK} [get_ports {CLK}]
Stored edif netlist at /home/letrend/workspace/iceboard/software/motorBoard_v0.1/template_Implmnt/sbt/netlist/oadb-TinyFPGA_B...
Warning: The terminal connectivity tx_output:LATCHINPUTVALUE is removed because the PIN_TYPE is configured as 101001
Warning: The terminal connectivity tx_output:INPUTCLK is removed because the PIN_TYPE is configured as 101001
Warning: The terminal connectivity tx_output:OUTPUTCLK is removed because the PIN_TYPE is configured as 101001
Warning: The terminal connectivity hall3_input:LATCHINPUTVALUE is removed because the PIN_TYPE is configured as 000001
Warning: The terminal connectivity hall3_input:INPUTCLK is removed because the PIN_TYPE is configured as 000001
Warning: The terminal connectivity hall3_input:OUTPUTENABLE is removed because the PIN_TYPE is configured as 000001
Warning: The terminal connectivity hall3_input:OUTPUTCLK is removed because the PIN_TYPE is configured as 000001
Warning: The terminal connectivity hall2_input:LATCHINPUTVALUE is removed because the PIN_TYPE is configured as 000001
Warning: The terminal connectivity hall2_input:INPUTCLK is removed because the PIN_TYPE is configured as 000001
Warning: The terminal connectivity hall2_input:OUTPUTENABLE is removed because the PIN_TYPE is configured as 000001
Warning: The terminal connectivity hall2_input:OUTPUTCLK is removed because the PIN_TYPE is configured as 000001
Warning: The terminal connectivity hall1_input:LATCHINPUTVALUE is removed because the PIN_TYPE is configured as 000001
Warning: The terminal connectivity hall1_input:INPUTCLK is removed because the PIN_TYPE is configured as 000001
Warning: The terminal connectivity hall1_input:OUTPUTENABLE is removed because the PIN_TYPE is configured as 000001
Warning: The terminal connectivity hall1_input:OUTPUTCLK is removed because the PIN_TYPE is configured as 000001
Warning: The terminal connectivity USBPU_pad:OUTPUTENABLE is removed because the PIN_TYPE is configured as 011001
Warning: The terminal connectivity SCL_pad:OUTPUTENABLE is removed because the PIN_TYPE is configured as 011001
Warning: The terminal connectivity RX_pad:OUTPUTENABLE is removed because the PIN_TYPE is configured as 000001
Warning: The terminal connectivity NEOPXL_pad:OUTPUTENABLE is removed because the PIN_TYPE is configured as 011001
Warning: The terminal connectivity LED_pad:OUTPUTENABLE is removed because the PIN_TYPE is configured as 011001
Warning: The terminal connectivity INLC_pad:OUTPUTENABLE is removed because the PIN_TYPE is configured as 011001
Warning: The terminal connectivity INLB_pad:OUTPUTENABLE is removed because the PIN_TYPE is configured as 011001
Warning: The terminal connectivity INLA_pad:OUTPUTENABLE is removed because the PIN_TYPE is configured as 011001
Warning: The terminal connectivity INHC_pad:OUTPUTENABLE is removed because the PIN_TYPE is configured as 011001
Warning: The terminal connectivity INHB_pad:OUTPUTENABLE is removed because the PIN_TYPE is configured as 011001
Warning: The terminal connectivity INHA_pad:OUTPUTENABLE is removed because the PIN_TYPE is configured as 011001
Warning: The terminal connectivity ENCODER1_B_pad:OUTPUTENABLE is removed because the PIN_TYPE is configured as 000001
Warning: The terminal connectivity ENCODER1_A_pad:OUTPUTENABLE is removed because the PIN_TYPE is configured as 000001
Warning: The terminal connectivity ENCODER0_B_pad:OUTPUTENABLE is removed because the PIN_TYPE is configured as 000001
Warning: The terminal connectivity ENCODER0_A_pad:OUTPUTENABLE is removed because the PIN_TYPE is configured as 000001
Warning: The terminal connectivity DE_pad:OUTPUTENABLE is removed because the PIN_TYPE is configured as 011001
Warning: The terminal connectivity CS_pad:OUTPUTENABLE is removed because the PIN_TYPE is configured as 011001
Warning: The terminal connectivity CS_CLK_pad:OUTPUTENABLE is removed because the PIN_TYPE is configured as 011001
Warning: The terminal connectivity CLK_pad:OUTPUTENABLE is removed because the PIN_TYPE is configured as 000001
Warning: The terminal nx.start_103:E is driven by default driver : VCC, Disconnecting it.
Warning: The terminal nx.state_i1:E is driven by default driver : VCC, Disconnecting it.

write Timing Constraint to /home/letrend/workspace/iceboard/software/motorBoard_v0.1/template_Implmnt/sbt/Temp/sbt_temp.sdc

EDIF Parser succeeded
Top module is: TinyFPGA_B

EDF Parser run-time: 2 (sec)
edif parser succeed.


"/home/letrend/lscc/iCEcube2.2017.08/sbt_backend/bin/linux/opt/sbtplacer" --des-lib "/home/letrend/workspace/iceboard/software/motorBoard_v0.1/template_Implmnt/sbt/netlist/oadb-TinyFPGA_B" --outdir "/home/letrend/workspace/iceboard/software/motorBoard_v0.1/template_Implmnt/sbt/outputs/placer" --device-file "/home/letrend/lscc/iCEcube2.2017.08/sbt_backend/devices/ICE40P08.dev" --package CM81 --deviceMarketName iCE40LP8K --sdc-file "/home/letrend/workspace/iceboard/software/motorBoard_v0.1/template_Implmnt/sbt/Temp/sbt_temp.sdc" --lib-file "/home/letrend/lscc/iCEcube2.2017.08/sbt_backend/devices/ice40LP8K.lib" --effort_level std --out-sdc-file "/home/letrend/workspace/iceboard/software/motorBoard_v0.1/template_Implmnt/sbt/outputs/placer/TinyFPGA_B_pl.sdc"
starting placerExecuting : /home/letrend/lscc/iCEcube2.2017.08/sbt_backend/bin/linux/opt/sbtplacer --des-lib /home/letrend/workspace/iceboard/software/motorBoard_v0.1/template_Implmnt/sbt/netlist/oadb-TinyFPGA_B --outdir /home/letrend/workspace/iceboard/software/motorBoard_v0.1/template_Implmnt/sbt/outputs/placer --device-file /home/letrend/lscc/iCEcube2.2017.08/sbt_backend/devices/ICE40P08.dev --package CM81 --deviceMarketName iCE40LP8K --sdc-file /home/letrend/workspace/iceboard/software/motorBoard_v0.1/template_Implmnt/sbt/Temp/sbt_temp.sdc --lib-file /home/letrend/lscc/iCEcube2.2017.08/sbt_backend/devices/ice40LP8K.lib --effort_level std --out-sdc-file /home/letrend/workspace/iceboard/software/motorBoard_v0.1/template_Implmnt/sbt/outputs/placer/TinyFPGA_B_pl.sdc
Lattice Semiconductor Corporation  Placer
Release:        2017.08.27940
Build Date:     Sep 12 2017 08:22:02

running placerW2715: Warning for set_io Constraint: Ignoring pin assignment for CS_MISO, as it is not connected to any PAD
W2715: Warning for set_io Constraint: Ignoring pin assignment for FAULT_N, as it is not connected to any PAD
W2715: Warning for set_io Constraint: Ignoring pin assignment for SDA, as it is not connected to any PAD
I2004: Option and Settings Summary
=============================================================
Device file          - /home/letrend/lscc/iCEcube2.2017.08/sbt_backend/devices/ICE40P08.dev
Package              - CM81
Design database      - /home/letrend/workspace/iceboard/software/motorBoard_v0.1/template_Implmnt/sbt/netlist/oadb-TinyFPGA_B
SDC file             - /home/letrend/workspace/iceboard/software/motorBoard_v0.1/template_Implmnt/sbt/Temp/sbt_temp.sdc
Output directory     - /home/letrend/workspace/iceboard/software/motorBoard_v0.1/template_Implmnt/sbt/outputs/placer
Timing library       - /home/letrend/lscc/iCEcube2.2017.08/sbt_backend/devices/ice40LP8K.lib
Effort level         - std

I2050: Starting reading inputs for placer
=============================================================
I2100: Reading design library: /home/letrend/workspace/iceboard/software/motorBoard_v0.1/template_Implmnt/sbt/netlist/oadb-TinyFPGA_B/BFPGA_DESIGN_ep
I2065: Reading device file : /home/letrend/lscc/iCEcube2.2017.08/sbt_backend/devices/ICE40P08.dev
I2051: Reading of inputs for placer completed successfully

I2053: Starting placement of the design
=============================================================

Input Design Statistics
    Number of LUTs      	:	4235
    Number of DFFs      	:	969
    Number of DFFs packed to IO	:	0
    Number of Carrys    	:	1285
    Number of RAMs      	:	0
    Number of ROMs      	:	0
    Number of IOs       	:	22
    Number of GBIOs     	:	1
    Number of GBs       	:	0
    Number of WarmBoot  	:	0
    Number of PLLs      	:	1


Phase 1
I2077: Start design legalization
W2216: SB_GB_IO 'CLK_pad' is assigned to a non-GB pin 'B2'. Replacing it with SB_IO 'CLK_pad' and SB_GB 'CLK_pad_gb'

Design Legalization Statistics
    Number of feedthru LUTs inserted to legalize input of DFFs     	:	10
    Number of feedthru LUTs inserted for LUTs driving multiple DFFs	:	0
    Number of LUTs replicated for LUTs driving multiple DFFs       	:	3
    Number of feedthru LUTs inserted to legalize output of CARRYs  	:	0
    Number of feedthru LUTs inserted to legalize global signals    	:	1
    Number of feedthru CARRYs inserted to legalize input of CARRYs 	:	0
    Number of inserted LUTs to Legalize IOs with PIN_TYPE= 01xxxx  	:	0
    Number of inserted LUTs to Legalize IOs with PIN_TYPE= 10xxxx  	:	0
    Number of inserted LUTs to Legalize IOs with PIN_TYPE= 11xxxx  	:	0
    Total LUTs inserted                                            	:	14
    Total CARRYs inserted                                          	:	0


I2078: Design legalization is completed successfully
I2088: Phase 1, elapsed time : 0.1 (sec)


Phase 2
I2088: Phase 2, elapsed time : 0.1 (sec)

Phase 3
Warning-1034: Found non-unate timing arc, from pin "in3" to pin "lcout" of instance "GB_BUFFER_CLK_c_THRU_LUT4_0_LC_4248", in the clock network. Converting the timing arc to positive-unate
Warning-1034: Found non-unate timing arc, from pin "PACKAGEPIN" to pin "DIN0" of instance "CLK_pad", in the clock network. Converting the timing arc to positive-unate
Info-1404: Inferred PLL generated clock at pll32MHz_inst.pll32MHz_inst/PLLOUTCORE
Info-1404: Inferred PLL generated clock at pll32MHz_inst.pll32MHz_inst/PLLOUTGLOBAL

Design Statistics after Packing
    Number of LUTs      	:	4250
    Number of DFFs      	:	960
    Number of DFFs packed to IO	:	9
    Number of Carrys    	:	1505

Device Utilization Summary after Packing
    Sequential LogicCells
        LUT and DFF      	:	679
        LUT, DFF and CARRY	:	281
    Combinational LogicCells
        Only LUT         	:	2305
        CARRY Only       	:	239
        LUT with CARRY   	:	985
    LogicCells                  :	4489/7680
    PLBs                        :	619/960
    BRAMs                       :	0/32
    IOs and GBIOs               :	23/63
    PLLs                        :	1/1


I2088: Phase 3, elapsed time : 13.7 (sec)

Phase 4
I2088: Phase 4, elapsed time : 0.4 (sec)

Phase 5
I2088: Phase 5, elapsed time : 35.1 (sec)

Phase 6
I2088: Phase 6, elapsed time : 275.0 (sec)

Final Design Statistics
    Number of LUTs      	:	4250
    Number of DFFs      	:	960
    Number of DFFs packed to IO	:	9
    Number of Carrys    	:	1505
    Number of RAMs      	:	0
    Number of ROMs      	:	0
    Number of IOs       	:	23
    Number of GBIOs     	:	0
    Number of GBs       	:	1
    Number of WarmBoot  	:	0
    Number of PLLs      	:	1

Device Utilization Summary
    LogicCells                  :	4489/7680
    PLBs                        :	726/960
    BRAMs                       :	0/32
    IOs and GBIOs               :	23/63
    PLLs                        :	1/1



#####################################################################
Placement Timing Summary

The timing summary is based on estimated routing delays after
placement. For final timing report, please carry out the timing
analysis after routing.
=====================================================================

#####################################################################
                     Clock Summary 
=====================================================================
Number of clocks: 3
Clock: CLK | Frequency: 66.28 MHz | Target: 16.00 MHz
Clock: pll32MHz_inst.pll32MHz_inst/PLLOUTCORE | Frequency: N/A | Target: 32.00 MHz
Clock: pll32MHz_inst.pll32MHz_inst/PLLOUTGLOBAL | Frequency: 4.07 MHz | Target: 32.00 MHz

=====================================================================
                     End of Clock Summary
#####################################################################

I2054: Placement of design completed successfully

I2076: Placer run-time: 326.1 sec.

placer succeed.
starting IPExporterrunning IPExporterIPExporter succeed.


"/home/letrend/lscc/iCEcube2.2017.08/sbt_backend/bin/linux/opt/packer" "/home/letrend/lscc/iCEcube2.2017.08/sbt_backend/devices/ICE40P08.dev" "/home/letrend/workspace/iceboard/software/motorBoard_v0.1/template_Implmnt/sbt/netlist/oadb-TinyFPGA_B" --package CM81 --outdir "/home/letrend/workspace/iceboard/software/motorBoard_v0.1/template_Implmnt/sbt/outputs/packer" --DRC_only  --translator "/home/letrend/lscc/iCEcube2.2017.08/sbt_backend/bin/sdc_translator.tcl" --src_sdc_file "/home/letrend/workspace/iceboard/software/motorBoard_v0.1/template_Implmnt/sbt/outputs/placer/TinyFPGA_B_pl.sdc" --dst_sdc_file "/home/letrend/workspace/iceboard/software/motorBoard_v0.1/template_Implmnt/sbt/outputs/packer/TinyFPGA_B_pk.sdc" --devicename iCE40LP8K
starting packerrunning packerLattice Semiconductor Corporation  Packer
Release:        2017.08.27940
Build Date:     Sep 12 2017 08:02:57

Begin Packing...
initializing finish
Total HPWL cost is 20188
used logic cells: 4489
Design Rule Checking Succeeded

DRC Checker run-time: 1 (sec)
packer succeed.


"/home/letrend/lscc/iCEcube2.2017.08/sbt_backend/bin/linux/opt/packer" "/home/letrend/lscc/iCEcube2.2017.08/sbt_backend/devices/ICE40P08.dev" "/home/letrend/workspace/iceboard/software/motorBoard_v0.1/template_Implmnt/sbt/netlist/oadb-TinyFPGA_B" --package CM81 --outdir "/home/letrend/workspace/iceboard/software/motorBoard_v0.1/template_Implmnt/sbt/outputs/packer" --translator "/home/letrend/lscc/iCEcube2.2017.08/sbt_backend/bin/sdc_translator.tcl" --src_sdc_file "/home/letrend/workspace/iceboard/software/motorBoard_v0.1/template_Implmnt/sbt/outputs/placer/TinyFPGA_B_pl.sdc" --dst_sdc_file "/home/letrend/workspace/iceboard/software/motorBoard_v0.1/template_Implmnt/sbt/outputs/packer/TinyFPGA_B_pk.sdc" --devicename iCE40LP8K
starting packerLattice Semiconductor Corporation  Packer
Release:        2017.08.27940
Build Date:     Sep 12 2017 08:02:57

Begin Packing...
running packerinitializing finish
Total HPWL cost is 20188
used logic cells: 4489
Translating sdc file /home/letrend/workspace/iceboard/software/motorBoard_v0.1/template_Implmnt/sbt/outputs/placer/TinyFPGA_B_pl.sdc...
Translated sdc file is /home/letrend/workspace/iceboard/software/motorBoard_v0.1/template_Implmnt/sbt/outputs/packer/TinyFPGA_B_pk.sdc
Packer succeeded

Packer run-time: 4 (sec)
packer succeed.


"/home/letrend/lscc/iCEcube2.2017.08/sbt_backend/bin/linux/opt/sbrouter" "/home/letrend/lscc/iCEcube2.2017.08/sbt_backend/devices/ICE40P08.dev" "/home/letrend/workspace/iceboard/software/motorBoard_v0.1/template_Implmnt/sbt/netlist/oadb-TinyFPGA_B" "/home/letrend/lscc/iCEcube2.2017.08/sbt_backend/devices/ice40LP8K.lib" "/home/letrend/workspace/iceboard/software/motorBoard_v0.1/template_Implmnt/sbt/outputs/packer/TinyFPGA_B_pk.sdc" --outdir "/home/letrend/workspace/iceboard/software/motorBoard_v0.1/template_Implmnt/sbt/outputs/router" --sdf_file "/home/letrend/workspace/iceboard/software/motorBoard_v0.1/template_Implmnt/sbt/outputs/simulation_netlist/TinyFPGA_B_sbt.sdf" --pin_permutation
starting routerSJRouter....
running routerExecuting : /home/letrend/lscc/iCEcube2.2017.08/sbt_backend/bin/linux/opt/sbrouter /home/letrend/lscc/iCEcube2.2017.08/sbt_backend/devices/ICE40P08.dev /home/letrend/workspace/iceboard/software/motorBoard_v0.1/template_Implmnt/sbt/netlist/oadb-TinyFPGA_B /home/letrend/lscc/iCEcube2.2017.08/sbt_backend/devices/ice40LP8K.lib /home/letrend/workspace/iceboard/software/motorBoard_v0.1/template_Implmnt/sbt/outputs/packer/TinyFPGA_B_pk.sdc --outdir /home/letrend/workspace/iceboard/software/motorBoard_v0.1/template_Implmnt/sbt/outputs/router --sdf_file /home/letrend/workspace/iceboard/software/motorBoard_v0.1/template_Implmnt/sbt/outputs/simulation_netlist/TinyFPGA_B_sbt.sdf --pin_permutation 
Lattice Semiconductor Corporation  Router
Release:        2017.08.27940
Build Date:     Sep 12 2017 08:09:33

I1203: Reading Design TinyFPGA_B
Read design time: 1
I1202: Reading Architecture of device iCE40LP8K
Info-1404: Inferred PLL generated clock at pll32MHz_inst.pll32MHz_inst/PLLOUTCORE
Info-1404: Inferred PLL generated clock at pll32MHz_inst.pll32MHz_inst/PLLOUTGLOBAL
Read device time: 22
I1209: Started routing
I1223: Total Nets : 5747 
I1212: Iteration  1 :  1889 unrouted : 16 seconds
I1212: Iteration  2 :   698 unrouted : 7 seconds
I1212: Iteration  3 :   451 unrouted : 2 seconds
I1212: Iteration  4 :   368 unrouted : 1 seconds
I1212: Iteration  5 :   306 unrouted : 0 seconds
I1212: Iteration  6 :   249 unrouted : 1 seconds
I1212: Iteration  7 :   178 unrouted : 0 seconds
I1212: Iteration  8 :   123 unrouted : 0 seconds
I1212: Iteration  9 :    62 unrouted : 0 seconds
I1212: Iteration 10 :    56 unrouted : 1 seconds
I1212: Iteration 11 :    50 unrouted : 0 seconds
I1212: Iteration 12 :    42 unrouted : 0 seconds
I1212: Iteration 13 :    20 unrouted : 0 seconds
I1212: Iteration 14 :     4 unrouted : 0 seconds
I1212: Iteration 15 :     2 unrouted : 0 seconds
I1212: Iteration 16 :     2 unrouted : 0 seconds
I1212: Iteration 17 :     2 unrouted : 0 seconds
I1212: Iteration 18 :     0 unrouted : 0 seconds
I1215: Routing is successful
Routing time: 31
I1206: Completed routing
I1204: Writing Design TinyFPGA_B
Lib Closed
I1210: Writing routes
I1218: Exiting the router
I1224: Router run-time : 57 seconds
 total           386160K
router succeed.

"/home/letrend/lscc/iCEcube2.2017.08/sbt_backend/bin/linux/opt/netlister" --verilog "/home/letrend/workspace/iceboard/software/motorBoard_v0.1/template_Implmnt/sbt/outputs/simulation_netlist/TinyFPGA_B_sbt.v" --vhdl "/home/letrend/workspace/iceboard/software/motorBoard_v0.1/template_Implmnt/sbt/outputs/simulation_netlist/TinyFPGA_B_sbt.vhd" --lib "/home/letrend/workspace/iceboard/software/motorBoard_v0.1/template_Implmnt/sbt/netlist/oadb-TinyFPGA_B" --view rt --device "/home/letrend/lscc/iCEcube2.2017.08/sbt_backend/devices/ICE40P08.dev" --splitio  --in-sdc-file "/home/letrend/workspace/iceboard/software/motorBoard_v0.1/template_Implmnt/sbt/outputs/packer/TinyFPGA_B_pk.sdc" --out-sdc-file "/home/letrend/workspace/iceboard/software/motorBoard_v0.1/template_Implmnt/sbt/outputs/netlister/TinyFPGA_B_sbt.sdc"
starting netlistLattice Semiconductor Corporation  Verilog & VHDL Netlister
Release:        2017.08.27940
Build Date:     Sep 12 2017 08:25:37

running netlistGenerating Verilog & VHDL netlist files ...
Writing /home/letrend/workspace/iceboard/software/motorBoard_v0.1/template_Implmnt/sbt/outputs/simulation_netlist/TinyFPGA_B_sbt.v
Writing /home/letrend/workspace/iceboard/software/motorBoard_v0.1/template_Implmnt/sbt/outputs/simulation_netlist/TinyFPGA_B_sbt.vhd
Netlister succeeded.

Netlister run-time: 36 (sec)
netlist succeed.


"/home/letrend/lscc/iCEcube2.2017.08/sbt_backend/bin/linux/opt/sbtimer" --des-lib "/home/letrend/workspace/iceboard/software/motorBoard_v0.1/template_Implmnt/sbt/netlist/oadb-TinyFPGA_B" --lib-file "/home/letrend/lscc/iCEcube2.2017.08/sbt_backend/devices/ice40LP8K.lib" --sdc-file "/home/letrend/workspace/iceboard/software/motorBoard_v0.1/template_Implmnt/sbt/outputs/netlister/TinyFPGA_B_sbt.sdc" --sdf-file "/home/letrend/workspace/iceboard/software/motorBoard_v0.1/template_Implmnt/sbt/outputs/simulation_netlist/TinyFPGA_B_sbt.sdf" --report-file "/home/letrend/workspace/iceboard/software/motorBoard_v0.1/template_Implmnt/sbt/outputs/timer/TinyFPGA_B_timing.rpt" --device-file "/home/letrend/lscc/iCEcube2.2017.08/sbt_backend/devices/ICE40P08.dev" --timing-summary
starting timerExecuting : /home/letrend/lscc/iCEcube2.2017.08/sbt_backend/bin/linux/opt/sbtimer --des-lib /home/letrend/workspace/iceboard/software/motorBoard_v0.1/template_Implmnt/sbt/netlist/oadb-TinyFPGA_B --lib-file /home/letrend/lscc/iCEcube2.2017.08/sbt_backend/devices/ice40LP8K.lib --sdc-file /home/letrend/workspace/iceboard/software/motorBoard_v0.1/template_Implmnt/sbt/outputs/netlister/TinyFPGA_B_sbt.sdc --sdf-file /home/letrend/workspace/iceboard/software/motorBoard_v0.1/template_Implmnt/sbt/outputs/simulation_netlist/TinyFPGA_B_sbt.sdf --report-file /home/letrend/workspace/iceboard/software/motorBoard_v0.1/template_Implmnt/sbt/outputs/timer/TinyFPGA_B_timing.rpt --device-file /home/letrend/lscc/iCEcube2.2017.08/sbt_backend/devices/ICE40P08.dev --timing-summary
Lattice Semiconductor Corporation  Timer
Release:        2017.08.27940
Build Date:     Sep 12 2017 08:08:07

running timerWarning-1034: Found non-unate timing arc, from pin "PADIN" to pin "DIN0" of instance "CLK_pad_preio", in the clock network. Converting the timing arc to positive-unate
Info-1404: Inferred PLL generated clock at pll32MHz_inst.pll32MHz_inst/PLLOUTGLOBAL
Info-1404: Inferred PLL generated clock at pll32MHz_inst.pll32MHz_inst/PLLOUTCORE
Timer run-time: 30 seconds
timer succeed.
timer succeeded.


"/home/letrend/lscc/iCEcube2.2017.08/sbt_backend/bin/linux/opt/bitmap" "/home/letrend/lscc/iCEcube2.2017.08/sbt_backend/devices/ICE40P08.dev" --design "/home/letrend/workspace/iceboard/software/motorBoard_v0.1/template_Implmnt/sbt/netlist/oadb-TinyFPGA_B" --device_name iCE40LP8K --package CM81 --outdir "/home/letrend/workspace/iceboard/software/motorBoard_v0.1/template_Implmnt/sbt/outputs/bitmap" --low_power on --init_ram on --init_ram_bank 1111 --frequency low --warm_boot on
starting bitmapLattice Semiconductor Corporation  Bit Stream Generator
Release:        2017.08.27940
Build Date:     Sep 12 2017 08:24:49

running bitmapBit Stream File Size: 1080760 (1M 31K 440 Bits)
Bit Stream Generator succeeded

Bitmap run-time: 8 (sec)
bitmap succeed.
